HELR Test with thread 4
Training Data = ../data/spam_train.csv
Testing Data = ../data/spam_test.csv
***********************************
Secure Machine Learning Parameters
***********************************
- factorNum = 64, sampleNum = 4096, approximate degree = 3
- Iteration Number = 50, mini-batch Block Size = 2048, Learning Rate = 0.01
- logN = 16, logQ = 495, logQBoot = 1155, batch = 16, cnum = 4
- logq = 45, logI = 4, logT = 3

 - KeyGen time = 298.997 seconds
 - Encrypt time = 16.072 seconds

1-th iteration started !!!
** un-encrypted
	 - wData = [-0.00101074,2.41291e-05,-2.86951e-05,4.09821e-05,1.17639e-05,4.62207e-05,7.82344e-05,6.6556e-05,2.81981e-05,8.12776e-05,8.12776e-05]
	 - Accuracy: 0.622642
	 - AUC: 0.930859
** encrypted
update time = 139.539 seconds
	 - wData = [-0.0010036,3.83056e-05,-3.92067e-05,2.51511e-05,1.93166e-05,6.19789e-05,5.71999e-05,7.53292e-05,3.36691e-05,7.49178e-05,7.49178e-05]
	 - Accuracy: 0.622642
	 - AUC: 0.929774

2-th iteration started !!!
** un-encrypted
	 - wData = [-0.000967231,8.64358e-06,-2.9378e-05,2.87107e-05,3.21491e-06,4.38118e-05,3.57154e-05,6.93305e-05,2.28992e-05,5.53751e-05,5.53751e-05]
	 - Accuracy: 0.622642
	 - AUC: 0.932491
** encrypted
update time = 128.567 seconds
	 - wData = [-0.000963951,1.42559e-05,-2.43006e-05,1.02241e-05,1.87456e-05,3.81669e-05,3.89477e-05,9.42977e-05,8.72507e-06,5.52785e-05,5.52785e-05]
	 - Accuracy: 0.622642
	 - AUC: 0.933477

3-th iteration started !!!
** un-encrypted
	 - wData = [-0.00197716,3.27906e-05,-5.80612e-05,6.97362e-05,1.49802e-05,9.00571e-05,0.000113969,0.000135898,5.11047e-05,0.000136672,0.000136672]
	 - Accuracy: 0.622642
	 - AUC: 0.93232
** encrypted
update time = 122.753 seconds
	 - wData = [-0.00197942,5.00777e-05,-5.59587e-05,2.34445e-05,2.34686e-05,0.000100732,0.000110874,0.000159482,3.58947e-05,0.000153895,0.000153895]
	 - Accuracy: 0.622642
	 - AUC: 0.932984

Bootstrapping START!!!
bootstrapping time = 632.584 seconds
Bootstrapping END!!!
	 - wData = [-0.00198002,5.10574e-05,-5.63238e-05,2.32435e-05,2.31997e-05,0.000100582,0.000110938,0.000159501,3.56826e-05,0.000153855,0.000153855]
	 - Accuracy: 0.622642
	 - AUC: 0.9331

4-th iteration started !!!
** un-encrypted
	 - wData = [-0.00327059,6.37679e-05,-9.48109e-05,0.000122381,3.00637e-05,0.000149367,0.000214305,0.000221239,8.72685e-05,0.000240906,0.000240906]
	 - Accuracy: 0.622642
	 - AUC: 0.931693
** encrypted
update time = 130.46 seconds
	 - wData = [-0.00326835,7.92953e-05,-0.000101957,6.05448e-05,4.33764e-05,0.000170918,0.000222153,0.00024094,5.67306e-05,0.000264856,0.000264856]
	 - Accuracy: 0.622642
	 - AUC: 0.933181

5-th iteration started !!!
** un-encrypted
	 - wData = [-0.00483955,0.000101417,-0.000139411,0.000186388,4.83821e-05,0.000221429,0.000336177,0.000324884,0.000131194,0.00036751,0.00036751]
	 - Accuracy: 0.622642
	 - AUC: 0.931433
** encrypted
update time = 126.879 seconds
	 - wData = [-0.00481619,0.000123194,-0.000128617,9.42627e-05,5.21292e-05,0.000236297,0.000350699,0.000348227,8.71316e-05,0.000394798,0.000394798]
	 - Accuracy: 0.622642
	 - AUC: 0.932975

6-th iteration started !!!
** un-encrypted
	 - wData = [-0.00662551,0.000129907,-0.000192115,0.000248907,6.12097e-05,0.000303183,0.000435932,0.000448653,0.000177177,0.000489411,0.000489411]
	 - Accuracy: 0.622642
	 - AUC: 0.931702
** encrypted
update time = 120.916 seconds
	 - wData = [-0.00655972,0.000159458,-0.000173499,0.000109313,5.63866e-05,0.000332639,0.000464123,0.000479665,0.000115705,0.000515868,0.000515868]
	 - Accuracy: 0.622642
	 - AUC: 0.933262

Bootstrapping START!!!
bootstrapping time = 631.509 seconds
Bootstrapping END!!!
	 - wData = [-0.00656107,0.000159781,-0.000173303,0.000109023,5.61742e-05,0.00033203,0.000463736,0.000479584,0.000115621,0.000516096,0.000516096]
	 - Accuracy: 0.622642
	 - AUC: 0.933396

7-th iteration started !!!
** un-encrypted
	 - wData = [-0.00869923,0.000171245,-0.000252274,0.000327673,8.06693e-05,0.000398553,0.00057407,0.000589412,0.00023297,0.000643846,0.000643846]
	 - Accuracy: 0.622642
	 - AUC: 0.931675
** encrypted
update time = 133.614 seconds
	 - wData = [-0.00861811,0.000194537,-0.000213795,0.00013606,9.57621e-05,0.000446357,0.00063451,0.000648421,0.000182383,0.000657952,0.000657952]
	 - Accuracy: 0.622642
	 - AUC: 0.933889

8-th iteration started !!!
** un-encrypted
	 - wData = [-0.0110473,0.000222394,-0.000319885,0.000420223,0.00010508,0.000506918,0.000742171,0.00074743,0.000297453,0.000825556,0.000825556]
	 - Accuracy: 0.622642
	 - AUC: 0.931594
** encrypted
update time = 125.553 seconds
	 - wData = [-0.0109476,0.000247207,-0.000271543,0.000179741,0.000137919,0.000578001,0.000826508,0.000840275,0.000245251,0.000825673,0.000825673]
	 - Accuracy: 0.622642
	 - AUC: 0.93397

9-th iteration started !!!
** un-encrypted
	 - wData = [-0.0136621,0.00028194,-0.000394917,0.000525421,0.000133655,0.000627978,0.000936284,0.000922798,0.000370093,0.00103206,0.00103206]
	 - Accuracy: 0.622642
	 - AUC: 0.931433
** encrypted
update time = 119.359 seconds
	 - wData = [-0.0135335,0.000291244,-0.000343788,0.000266422,0.000172727,0.000718058,0.00103614,0.00104619,0.000325361,0.00102708,0.00102708]
	 - Accuracy: 0.622642
	 - AUC: 0.933826

Bootstrapping START!!!
bootstrapping time = 624.526 seconds
Bootstrapping END!!!
	 - wData = [-0.0135355,0.000292434,-0.000345305,0.000267957,0.000173336,0.000718431,0.00103713,0.00104529,0.000324792,0.00102629,0.00102629]
	 - Accuracy: 0.622642
	 - AUC: 0.933817

10-th iteration started !!!
** un-encrypted
	 - wData = [-0.0165385,0.000349155,-0.000477333,0.00064269,0.000165979,0.000761577,0.00115434,0.00111554,0.000450605,0.00126204,0.00126204]
	 - Accuracy: 0.622642
	 - AUC: 0.931316
** encrypted
update time = 134.969 seconds
	 - wData = [-0.0163758,0.000340711,-0.000411559,0.000363104,0.000227591,0.000867567,0.00125851,0.00127423,0.000397897,0.00125924,0.00125924]
	 - Accuracy: 0.622642
	 - AUC: 0.933961

11-th iteration started !!!
** un-encrypted
	 - wData = [-0.0196206,0.000407856,-0.000567483,0.000758956,0.000193125,0.000904734,0.00135178,0.00132777,0.000533231,0.00148799,0.00148799]
	 - Accuracy: 0.622642
	 - AUC: 0.93137
** encrypted
update time = 125.496 seconds
	 - wData = [-0.0194068,0.000391373,-0.000491361,0.000439894,0.000292206,0.00102098,0.00146702,0.00149635,0.000473988,0.0014975,0.0014975]
	 - Accuracy: 0.622642
	 - AUC: 0.934221

12-th iteration started !!!
** un-encrypted
	 - wData = [-0.0229697,0.000477297,-0.000664843,0.000889837,0.000225688,0.00106098,0.00158148,0.00155686,0.000624783,0.00174252,0.00174252]
	 - Accuracy: 0.622642
	 - AUC: 0.93137
** encrypted
update time = 115.07 seconds
	 - wData = [-0.0227056,0.000442807,-0.000574542,0.000532476,0.000351162,0.00118554,0.00169724,0.00172579,0.000573838,0.00176522,0.00176522]
	 - Accuracy: 0.622642
	 - AUC: 0.934445

Bootstrapping START!!!
bootstrapping time = 624.367 seconds
Bootstrapping END!!!
	 - wData = [-0.0227074,0.000443982,-0.000574793,0.000533472,0.00035131,0.0011855,0.00169726,0.0017255,0.000574074,0.00176523,0.00176523]
	 - Accuracy: 0.622642
	 - AUC: 0.934463

13-th iteration started !!!
** un-encrypted
	 - wData = [-0.0265277,0.00054046,-0.00076979,0.00102157,0.000254276,0.0012272,0.0017966,0.00180508,0.000719212,0.00199672,0.00199672]
	 - Accuracy: 0.622642
	 - AUC: 0.931567
** encrypted
update time = 135.185 seconds
	 - wData = [-0.0262239,0.000490282,-0.000656757,0.000614741,0.000445573,0.00134946,0.0019137,0.00197955,0.000653245,0.00203916,0.00203916]
	 - Accuracy: 0.622642
	 - AUC: 0.934696

14-th iteration started !!!
** un-encrypted
	 - wData = [-0.0303004,0.000599735,-0.000882224,0.00115614,0.00028019,0.00140384,0.00200367,0.00207207,0.000817357,0.00225461,0.00225461]
	 - Accuracy: 0.622642
	 - AUC: 0.931648
** encrypted
update time = 129.176 seconds
	 - wData = [-0.0299611,0.000534379,-0.000729004,0.000703377,0.000517561,0.00152492,0.00214434,0.00223887,0.00074028,0.00232502,0.00232502]
	 - Accuracy: 0.622642
	 - AUC: 0.934857

15-th iteration started !!!
** un-encrypted
	 - wData = [-0.034291,0.000656759,-0.00100206,0.00129489,0.000304316,0.00159122,0.00220712,0.00235761,0.000919789,0.00251892,0.00251892]
	 - Accuracy: 0.622642
	 - AUC: 0.931702
** encrypted
update time = 120.691 seconds
	 - wData = [-0.0339166,0.000585956,-0.000809364,0.000788988,0.000561669,0.00171377,0.00236639,0.00252251,0.000836786,0.00259661,0.00259661]
	 - Accuracy: 0.622642
	 - AUC: 0.934884

Bootstrapping START!!!
bootstrapping time = 624.852 seconds
Bootstrapping END!!!
	 - wData = [-0.0339182,0.000586511,-0.000808837,0.000789369,0.00056133,0.00171397,0.00236638,0.00252178,0.000836935,0.002597,0.002597]
	 - Accuracy: 0.622642
	 - AUC: 0.934884

16-th iteration started !!!
** un-encrypted
	 - wData = [-0.0385013,0.000712688,-0.00112924,0.00143882,0.000327273,0.00178959,0.00241007,0.00266153,0.00102691,0.00279157,0.00279157]
	 - Accuracy: 0.622642
	 - AUC: 0.931962
** encrypted
update time = 133.509 seconds
	 - wData = [-0.0380983,0.000609663,-0.000913663,0.000881955,0.000603971,0.00191158,0.00259087,0.00280904,0.000958448,0.00286866,0.00286866]
	 - Accuracy: 0.622642
	 - AUC: 0.934822

17-th iteration started !!!
** un-encrypted
	 - wData = [-0.0429318,0.000768364,-0.0012637,0.00158866,0.000349505,0.00199911,0.00261476,0.00298374,0.00113902,0.00307395,0.00307395]
	 - Accuracy: 0.622642
	 - AUC: 0.932159
** encrypted
update time = 127.192 seconds
	 - wData = [-0.0425053,0.00063239,-0.00102493,0.000965181,0.000681931,0.00212606,0.00281588,0.00312012,0.00108372,0.00314485,0.00314485]
	 - Accuracy: 0.622642
	 - AUC: 0.934804

18-th iteration started !!!
** un-encrypted
	 - wData = [-0.0476325,0.000840259,-0.00140498,0.00175787,0.00038007,0.00222287,0.00286632,0.00332205,0.00126194,0.00339391,0.00339391]
	 - Accuracy: 0.622642
	 - AUC: 0.93215
** encrypted
update time = 118.33 seconds
	 - wData = [-0.0471772,0.000671722,-0.00113511,0.00108273,0.000764735,0.00234503,0.00308379,0.00346602,0.00120141,0.00349026,0.00349026]
	 - Accuracy: 0.622642
	 - AUC: 0.934902

Bootstrapping START!!!
bootstrapping time = 629.76 seconds
Bootstrapping END!!!
	 - wData = [-0.0471785,0.00067274,-0.00113595,0.00108346,0.000764231,0.00234504,0.00308394,0.00346594,0.00120141,0.00349053,0.00349053]
	 - Accuracy: 0.622642
	 - AUC: 0.934893

19-th iteration started !!!
** un-encrypted
	 - wData = [-0.0525947,0.000926486,-0.00155311,0.00194499,0.000417908,0.00246056,0.00315949,0.00367671,0.001395,0.00374819,0.00374819]
	 - Accuracy: 0.622642
	 - AUC: 0.932141
** encrypted
update time = 129.979 seconds
	 - wData = [-0.052125,0.000700634,-0.00125138,0.00119591,0.000869311,0.00257099,0.00337472,0.0038392,0.00132451,0.00386737,0.00386737]
	 - Accuracy: 0.622642
	 - AUC: 0.934875

20-th iteration started !!!
** un-encrypted
	 - wData = [-0.0577618,0.00100976,-0.00170847,0.00213598,0.000453466,0.00270902,0.00344677,0.00405005,0.00153208,0.00410753,0.00410753]
	 - Accuracy: 0.622642
	 - AUC: 0.932141
** encrypted
update time = 122.129 seconds
	 - wData = [-0.0572782,0.000752135,-0.00136598,0.00132605,0.000950831,0.00280772,0.00366931,0.00422248,0.00145314,0.0042322,0.0042322]
	 - Accuracy: 0.622642
	 - AUC: 0.934857

21-th iteration started !!!
** un-encrypted
	 - wData = [-0.0631837,0.00110702,-0.00187059,0.00234476,0.000496064,0.00297145,0.00377455,0.00443982,0.00167918,0.00450053,0.00450053]
	 - Accuracy: 0.622642
	 - AUC: 0.932123
** encrypted
update time = 119.118 seconds
	 - wData = [-0.0626933,0.00081829,-0.00150147,0.00148194,0.0010448,0.00305771,0.00400613,0.00462126,0.00159789,0.00463615,0.00463615]
	 - Accuracy: 0.622642
	 - AUC: 0.934651

Bootstrapping START!!!
bootstrapping time = 649.944 seconds
Bootstrapping END!!!
	 - wData = [-0.0626956,0.000819158,-0.00150184,0.0014812,0.00104475,0.00305755,0.00400626,0.00462239,0.00159762,0.00463641,0.00463641]
	 - Accuracy: 0.622642
	 - AUC: 0.934642

22-th iteration started !!!
** un-encrypted
	 - wData = [-0.0688538,0.00121707,-0.00203947,0.00257042,0.000545012,0.00324767,0.00413942,0.00484623,0.00183586,0.00492511,0.00492511]
	 - Accuracy: 0.622642
	 - AUC: 0.932042
** encrypted
update time = 140.398 seconds
	 - wData = [-0.0683454,0.000897357,-0.00163243,0.00165686,0.00115223,0.00334553,0.00437372,0.00502993,0.0017367,0.0050624,0.0050624]
	 - Accuracy: 0.622642
	 - AUC: 0.934696

23-th iteration started !!!
** un-encrypted
	 - wData = [-0.074718,0.00132305,-0.00221547,0.00279924,0.000590993,0.00353461,0.00449513,0.00527151,0.00199616,0.00535277,0.00535277]
	 - Accuracy: 0.622642
	 - AUC: 0.932024
** encrypted
update time = 131.556 seconds
	 - wData = [-0.0741845,0.000968374,-0.00176211,0.00183262,0.00125168,0.00364491,0.00472478,0.00547329,0.00189397,0.00547717,0.00547717]
	 - Accuracy: 0.622642
	 - AUC: 0.934714

24-th iteration started !!!
** un-encrypted
	 - wData = [-0.0808249,0.00144203,-0.00239814,0.0030453,0.000643394,0.00383549,0.00488832,0.00571345,0.00216612,0.00581228,0.00581228]
	 - Accuracy: 0.622642
	 - AUC: 0.931953
** encrypted
update time = 117.818 seconds
	 - wData = [-0.0802564,0.00104833,-0.00187285,0.00200977,0.00135717,0.00395849,0.00512515,0.00594754,0.00205734,0.00593364,0.00593364]
	 - Accuracy: 0.622642
	 - AUC: 0.934633

Bootstrapping START!!!
bootstrapping time = 639.099 seconds
Bootstrapping END!!!
	 - wData = [-0.0802592,0.00104875,-0.00187277,0.00200869,0.00135804,0.00395785,0.00512561,0.00594824,0.00205753,0.00593332,0.00593332]
	 - Accuracy: 0.622642
	 - AUC: 0.934615

25-th iteration started !!!
** un-encrypted
	 - wData = [-0.0871688,0.00157314,-0.00258746,0.00330798,0.000701702,0.00415022,0.0053165,0.00617219,0.00234543,0.00630211,0.00630211]
	 - Accuracy: 0.622642
	 - AUC: 0.931836
** encrypted
update time = 134.278 seconds
	 - wData = [-0.0865711,0.00115665,-0.00201897,0.00221857,0.00148842,0.00428877,0.00555053,0.00643299,0.0022213,0.00643402,0.00643402]
	 - Accuracy: 0.622642
	 - AUC: 0.934535

26-th iteration started !!!
** un-encrypted
	 - wData = [-0.0937442,0.00171568,-0.0027834,0.00358679,0.000765504,0.00447872,0.00577765,0.00664786,0.00253384,0.00682104,0.00682104]
	 - Accuracy: 0.622642
	 - AUC: 0.931729
** encrypted
update time = 130.453 seconds
	 - wData = [-0.0931048,0.0012833,-0.00217008,0.00243826,0.00163098,0.00464762,0.00601326,0.00693645,0.00241603,0.00695958,0.00695958]
	 - Accuracy: 0.622642
	 - AUC: 0.93449

27-th iteration started !!!
** un-encrypted
	 - wData = [-0.100546,0.00186909,-0.00298593,0.00388138,0.00083446,0.00482098,0.0062701,0.00714057,0.00273115,0.00736807,0.00736807]
	 - Accuracy: 0.622642
	 - AUC: 0.931702
** encrypted
update time = 123.523 seconds
	 - wData = [-0.0998639,0.00140727,-0.00233006,0.00264759,0.0017757,0.00499935,0.00651846,0.0074523,0.00262443,0.00751796,0.00751796]
	 - Accuracy: 0.622642
	 - AUC: 0.934445

Bootstrapping START!!!
bootstrapping time = 757.519 seconds
Bootstrapping END!!!
	 - wData = [-0.0998635,0.00140719,-0.00233387,0.00264543,0.00177743,0.00499643,0.00651791,0.00745069,0.00262316,0.00751819,0.00751819]
	 - Accuracy: 0.622642
	 - AUC: 0.934454

28-th iteration started !!!
** un-encrypted
	 - wData = [-0.10757,0.00203291,-0.00319502,0.00419147,0.000908291,0.00517696,0.00679251,0.00765042,0.00293721,0.00794239,0.00794239]
	 - Accuracy: 0.622642
	 - AUC: 0.931558
** encrypted
update time = 137.492 seconds
	 - wData = [-0.106852,0.0015277,-0.00248483,0.00288363,0.00192583,0.00537001,0.00705408,0.00798236,0.00284613,0.00810528,0.00810528]
	 - Accuracy: 0.622642
	 - AUC: 0.93432

29-th iteration started !!!
** un-encrypted
	 - wData = [-0.114766,0.00219077,-0.003411,0.00450365,0.000977941,0.00554368,0.00730007,0.00817961,0.00314621,0.00851641,0.00851641]
	 - Accuracy: 0.622642
	 - AUC: 0.931477
** encrypted
update time = 131.447 seconds
	 - wData = [-0.11401,0.00165935,-0.00265241,0.00313313,0.00209247,0.00575015,0.00756218,0.00854203,0.00306273,0.00867946,0.00867946]
	 - Accuracy: 0.622642
	 - AUC: 0.934409

30-th iteration started !!!
** un-encrypted
	 - wData = [-0.12218,0.00235992,-0.00363342,0.00483227,0.00105289,0.00592444,0.00783977,0.00872591,0.00336427,0.00911909,0.00911909]
	 - Accuracy: 0.622642
	 - AUC: 0.931415
** encrypted
update time = 122.432 seconds
	 - wData = [-0.121395,0.00179595,-0.00280827,0.00340381,0.00226667,0.00612523,0.00809481,0.00912474,0.00327248,0.00928983,0.00928983]
	 - Accuracy: 0.622642
	 - AUC: 0.934508

Bootstrapping START!!!
bootstrapping time = 648.94 seconds
Bootstrapping END!!!
	 - wData = [-0.121397,0.00179666,-0.00280821,0.00340447,0.00226681,0.0061251,0.00809522,0.00912412,0.0032724,0.00929043,0.00929043]
	 - Accuracy: 0.622642
	 - AUC: 0.93449

31-th iteration started !!!
** un-encrypted
	 - wData = [-0.129762,0.00252389,-0.00386262,0.00516381,0.00112402,0.00631623,0.00836655,0.00929154,0.00358556,0.00972273,0.00972273]
	 - Accuracy: 0.622642
	 - AUC: 0.93137
** encrypted
update time = 134.568 seconds
	 - wData = [-0.128928,0.00193687,-0.00297412,0.00365993,0.00243812,0.00650588,0.00861704,0.00971806,0.00348275,0.0098935,0.0098935]
	 - Accuracy: 0.622642
	 - AUC: 0.934517

32-th iteration started !!!
** un-encrypted
	 - wData = [-0.137513,0.00268376,-0.00409852,0.00549925,0.0011919,0.00671932,0.00888328,0.00987638,0.00381047,0.0103291,0.0103291]
	 - Accuracy: 0.622642
	 - AUC: 0.93137
** encrypted
update time = 129.346 seconds
	 - wData = [-0.136612,0.00208763,-0.00313808,0.00392524,0.00259048,0.00690857,0.00913601,0.0103367,0.00368067,0.0104914,0.0104914]
	 - Accuracy: 0.622642
	 - AUC: 0.934588

33-th iteration started !!!
** un-encrypted
	 - wData = [-0.145475,0.00285655,-0.00434069,0.00585282,0.00126588,0.00713699,0.00943619,0.0104783,0.00404502,0.0109667,0.0109667]
	 - Accuracy: 0.622642
	 - AUC: 0.931334
** encrypted
update time = 122.931 seconds
	 - wData = [-0.14451,0.00225765,-0.00329813,0.0042013,0.00275116,0.0073144,0.00970025,0.0109773,0.00388519,0.011128,0.011128]
	 - Accuracy: 0.622642
	 - AUC: 0.934472

Bootstrapping START!!!
bootstrapping time = 656.607 seconds
Bootstrapping END!!!
	 - wData = [-0.144512,0.00225836,-0.00329826,0.00420112,0.00275173,0.0073146,0.00970042,0.0109773,0.00388466,0.011128,0.011128]
	 - Accuracy: 0.622642
	 - AUC: 0.934472

34-th iteration started !!!
** un-encrypted
	 - wData = [-0.153601,0.00302561,-0.00458945,0.00621078,0.00133674,0.00756619,0.00997986,0.0110994,0.00428331,0.0116076,0.0116076]
	 - Accuracy: 0.622642
	 - AUC: 0.931298
** encrypted
update time = 138.3 seconds
	 - wData = [-0.152543,0.00241863,-0.00345212,0.00447942,0.00289287,0.00773878,0.0102473,0.0116548,0.0041028,0.0117831,0.0117831]
	 - Accuracy: 0.622642
	 - AUC: 0.934481

35-th iteration started !!!
** un-encrypted
	 - wData = [-0.161889,0.0031918,-0.00484473,0.00657395,0.00140492,0.00800716,0.0105165,0.0117398,0.00452567,0.0122532,0.0122532]
	 - Accuracy: 0.622642
	 - AUC: 0.931262
** encrypted
update time = 134.359 seconds
	 - wData = [-0.160729,0.00257798,-0.00359782,0.00474339,0.00303432,0.00817475,0.0108087,0.0123328,0.00430967,0.0124231,0.0124231]
	 - Accuracy: 0.622642
	 - AUC: 0.934481

36-th iteration started !!!
** un-encrypted
	 - wData = [-0.17038,0.00337202,-0.00510609,0.00695654,0.0014797,0.00846318,0.011092,0.0123972,0.00477806,0.0129318,0.0129318]
	 - Accuracy: 0.622642
	 - AUC: 0.9312
** encrypted
update time = 127.025 seconds
	 - wData = [-0.169103,0.00273648,-0.00376518,0.00501371,0.00318194,0.00862223,0.0113928,0.0130211,0.00451291,0.0131057,0.0131057]
	 - Accuracy: 0.622642
	 - AUC: 0.934409

Bootstrapping START!!!
bootstrapping time = 656.229 seconds
Bootstrapping END!!!
	 - wData = [-0.169105,0.00273742,-0.00376639,0.00501355,0.00318176,0.00862156,0.0113941,0.0130214,0.0045129,0.0131058,0.0131058]
	 - Accuracy: 0.622642
	 - AUC: 0.934409

37-th iteration started !!!
** un-encrypted
	 - wData = [-0.179027,0.00354952,-0.00537387,0.00734467,0.00155182,0.00893116,0.0116607,0.0130739,0.00503457,0.0136152,0.0136152]
	 - Accuracy: 0.622642
	 - AUC: 0.931209
** encrypted
update time = 137.774 seconds
	 - wData = [-0.177629,0.00288022,-0.00392651,0.00530022,0.00331047,0.00909367,0.0119798,0.0137468,0.00473947,0.0137786,0.0137786]
	 - Accuracy: 0.622642
	 - AUC: 0.934373

38-th iteration started !!!
** un-encrypted
	 - wData = [-0.187869,0.00374122,-0.00564761,0.00775261,0.00163055,0.00941441,0.0122684,0.0137677,0.00530118,0.0143317,0.0143317]
	 - Accuracy: 0.622642
	 - AUC: 0.931155
** encrypted
update time = 130.442 seconds
	 - wData = [-0.186341,0.00303552,-0.00409835,0.00560565,0.00346054,0.00958436,0.0126182,0.0144974,0.00498925,0.0144857,0.0144857]
	 - Accuracy: 0.622642
	 - AUC: 0.934337

39-th iteration started !!!
** un-encrypted
	 - wData = [-0.1969,0.00394658,-0.00592729,0.00818003,0.00171557,0.0099129,0.0129135,0.0144788,0.00557769,0.0150804,0.0150804]
	 - Accuracy: 0.622642
	 - AUC: 0.931056
** encrypted
update time = 122.481 seconds
	 - wData = [-0.195261,0.00320419,-0.00425795,0.00591721,0.0036166,0.0100789,0.0132734,0.0152694,0.00524791,0.0152365,0.0152365]
	 - Accuracy: 0.622642
	 - AUC: 0.934257

Bootstrapping START!!!
bootstrapping time = 644.658 seconds
Bootstrapping END!!!
	 - wData = [-0.195262,0.00320585,-0.00425833,0.00591664,0.0036156,0.0100787,0.0132736,0.0152701,0.0052483,0.0152366,0.0152366]
	 - Accuracy: 0.622642
	 - AUC: 0.934248

40-th iteration started !!!
** un-encrypted
	 - wData = [-0.206077,0.00414888,-0.00621322,0.00861303,0.00179762,0.0104236,0.0135506,0.0152094,0.00585822,0.0158334,0.0158334]
	 - Accuracy: 0.622642
	 - AUC: 0.931029
** encrypted
update time = 133.06 seconds
	 - wData = [-0.204342,0.00337018,-0.00442662,0.00623108,0.00376852,0.0105796,0.0139023,0.016059,0.00550697,0.0160126,0.0160126]
	 - Accuracy: 0.622642
	 - AUC: 0.934212

41-th iteration started !!!
** un-encrypted
	 - wData = [-0.215436,0.00436512,-0.00650496,0.00906601,0.00188603,0.0109497,0.0142255,0.0159573,0.00614877,0.0166188,0.0166188]
	 - Accuracy: 0.622642
	 - AUC: 0.931002
** encrypted
update time = 133.115 seconds
	 - wData = [-0.213609,0.00353218,-0.00462319,0.00657398,0.00394052,0.0111121,0.0145745,0.0168743,0.0057881,0.0167924,0.0167924]
	 - Accuracy: 0.622642
	 - AUC: 0.934176

42-th iteration started !!!
** un-encrypted
	 - wData = [-0.224934,0.00457857,-0.00680283,0.00952501,0.00197155,0.0114883,0.0148929,0.0167248,0.00644343,0.0174088,0.0174088]
	 - Accuracy: 0.622642
	 - AUC: 0.930949
** encrypted
update time = 119.98 seconds
	 - wData = [-0.223012,0.00369363,-0.00484125,0.00691074,0.00409827,0.0116563,0.0152154,0.0177106,0.00606597,0.0175592,0.0175592]
	 - Accuracy: 0.622642
	 - AUC: 0.934158

Bootstrapping START!!!
bootstrapping time = 647.936 seconds
Bootstrapping END!!!
	 - wData = [-0.223014,0.00369656,-0.00484198,0.00691145,0.00409847,0.0116558,0.0152146,0.0177093,0.00606626,0.0175585,0.0175585]
	 - Accuracy: 0.622642
	 - AUC: 0.934149

43-th iteration started !!!
** un-encrypted
	 - wData = [-0.23457,0.00478991,-0.00710677,0.00999073,0.0020545,0.0120394,0.0155545,0.0175119,0.00674246,0.0182046,0.0182046]
	 - Accuracy: 0.622642
	 - AUC: 0.930913
** encrypted
update time = 142.568 seconds
	 - wData = [-0.232547,0.00385997,-0.00505941,0.00724939,0.00425349,0.0122038,0.0158511,0.0185685,0.0063657,0.0183238,0.0183238]
	 - Accuracy: 0.622642
	 - AUC: 0.93414

44-th iteration started !!!
** un-encrypted
	 - wData = [-0.244376,0.00501611,-0.00741633,0.0104776,0.0021442,0.0126065,0.016256,0.0183164,0.00705183,0.0190342,0.0190342]
	 - Accuracy: 0.622642
	 - AUC: 0.930841
** encrypted
update time = 130.047 seconds
	 - wData = [-0.242241,0.00406136,-0.00530109,0.00760971,0.00439917,0.0127732,0.016538,0.0194335,0.00667636,0.019112,0.019112]
	 - Accuracy: 0.622642
	 - AUC: 0.934176

45-th iteration started !!!
** un-encrypted
	 - wData = [-0.254313,0.00524034,-0.00773183,0.0109716,0.00223133,0.0131865,0.0169518,0.0191405,0.00736563,0.0198696,0.0198696]
	 - Accuracy: 0.622642
	 - AUC: 0.930787
** encrypted
update time = 119.693 seconds
	 - wData = [-0.252069,0.00425943,-0.00554826,0.00796557,0.00453304,0.0133506,0.0172326,0.0203125,0.00699218,0.0199162,0.0199162]
	 - Accuracy: 0.622642
	 - AUC: 0.934149

Bootstrapping START!!!
bootstrapping time = 638.159 seconds
Bootstrapping END!!!
	 - wData = [-0.25207,0.00426072,-0.0055476,0.00796481,0.00453332,0.0133499,0.0172325,0.0203119,0.00699287,0.0199163,0.0199163]
	 - Accuracy: 0.622642
	 - AUC: 0.93414

46-th iteration started !!!
** un-encrypted
	 - wData = [-0.264411,0.00547959,-0.00805283,0.0114871,0.00232521,0.0137827,0.0176877,0.0199822,0.00768983,0.0207391,0.0207391]
	 - Accuracy: 0.622642
	 - AUC: 0.93076
** encrypted
update time = 140.212 seconds
	 - wData = [-0.262053,0.00446714,-0.00581852,0.00833104,0.00467824,0.0139226,0.0179708,0.0211936,0.0073228,0.0207667,0.0207667]
	 - Accuracy: 0.622642
	 - AUC: 0.934176

47-th iteration started !!!
** un-encrypted
	 - wData = [-0.274634,0.00571701,-0.00837965,0.0120101,0.00241652,0.0143919,0.0184181,0.0208436,0.00801852,0.0216146,0.0216146]
	 - Accuracy: 0.622642
	 - AUC: 0.93068
** encrypted
update time = 134.219 seconds
	 - wData = [-0.272149,0.00466959,-0.00606888,0.00868937,0.00483899,0.014523,0.0186867,0.0221148,0.00766874,0.0216433,0.0216433]
	 - Accuracy: 0.622642
	 - AUC: 0.934176

48-th iteration started !!!
** un-encrypted
	 - wData = [-0.285009,0.00596963,-0.00871185,0.012555,0.00251459,0.0150176,0.0191887,0.0217226,0.00835769,0.0225242,0.0225242]
	 - Accuracy: 0.622642
	 - AUC: 0.930608
** encrypted
update time = 124.641 seconds
	 - wData = [-0.282403,0.00487757,-0.00632956,0.00907023,0.00500428,0.0151464,0.0194489,0.0230679,0.00800225,0.0225599,0.0225599]
	 - Accuracy: 0.622642
	 - AUC: 0.93414

Bootstrapping START!!!
bootstrapping time = 15388.9 seconds
Bootstrapping END!!!
	 - wData = [-0.282404,0.00487829,-0.00632968,0.00906988,0.00500429,0.0151459,0.0194491,0.0230677,0.00800137,0.0225602,0.0225602]
	 - Accuracy: 0.622642
	 - AUC: 0.93414

49-th iteration started !!!
** un-encrypted
	 - wData = [-0.295533,0.00623702,-0.00904938,0.0131219,0.00261916,0.0156597,0.0199982,0.0226194,0.0087072,0.0234673,0.0234673]
	 - Accuracy: 0.622642
	 - AUC: 0.930536
** encrypted
update time = 149.938 seconds
	 - wData = [-0.292799,0.00508836,-0.00656796,0.00947677,0.00518833,0.0157848,0.020262,0.0240373,0.00834063,0.0235073,0.0235073]
	 - Accuracy: 0.622642
	 - AUC: 0.934042

50-th iteration started !!!
** un-encrypted
	 - wData = [-0.306199,0.00651882,-0.00939217,0.0137104,0.00272997,0.0163184,0.0208455,0.0235341,0.00906692,0.0244432,0.0244432]
	 - Accuracy: 0.622642
	 - AUC: 0.930491
** encrypted
update time = 133.876 seconds
	 - wData = [-0.303349,0.00531393,-0.00680971,0.00991383,0.00538142,0.0164324,0.0211154,0.0250256,0.00869038,0.024498,0.024498]
	 - Accuracy: 0.622642
	 - AUC: 0.933943

 - Training time = 31642.6 seconds
