HELR Test with thread 4
Training Data = ../data/spam_train.csv
Testing Data = ../data/spam_test.csv
***********************************
Secure Machine Learning Parameters
***********************************
- factorNum = 64, sampleNum = 4096, approximate degree = 3
- Iteration Number = 100, mini-batch Block Size = 2048, Learning Rate = 0.01
- logN = 16, logQ = 495, logQBoot = 1155, batch = 16, cnum = 4
- logq = 45, logI = 4, logT = 3

 - KeyGen time = 97.186 seconds
 - Encrypt time = 7.089 seconds

1-th iteration started !!!
** un-encrypted
         - wData = [-0.00102539,1.52346e-05,-3.70212e-05,3.23462e-05,7.70175e-06,3.53711e-05,4.78775e-05,6.2674e-05,2.02279e-05,6.58447e-05,6.58447e-05]
         - Accuracy: 0.622642
         - AUC: 0.933351
** encrypted
update time = 63.531 seconds
         - wData = [-0.00104091,2.50181e-05,-4.51045e-05,3.06989e-05,-1.98754e-06,3.6381e-05,5.52721e-05,5.52684e-05,3.48459e-07,0.000105211,0.000105211]
         - Accuracy: 0.622642
         - AUC: 0.928456

2-th iteration started !!!
** un-encrypted
         - wData = [-0.00095273,1.74482e-05,-2.1136e-05,3.72594e-05,7.23606e-06,5.45518e-05,6.57657e-05,7.31734e-05,3.0789e-05,7.06522e-05,7.06522e-05]
         - Accuracy: 0.622642
         - AUC: 0.930446
** encrypted
update time = 53.761 seconds
         - wData = [-0.000955446,-1.06508e-05,-2.36575e-05,2.43629e-05,-8.07309e-07,6.0265e-05,7.26416e-05,6.82759e-05,5.65381e-05,7.34478e-05,7.34478e-05]
         - Accuracy: 0.622642
         - AUC: 0.922862

3-th iteration started !!!
** un-encrypted
         - wData = [-0.00197739,3.26993e-05,-5.81443e-05,6.96445e-05,1.4939e-05,8.99468e-05,0.000113664,0.000135859,5.10238e-05,0.000136516,0.000136516]
         - Accuracy: 0.622642
         - AUC: 0.932311
** encrypted
update time = 46.693 seconds
         - wData = [-0.00200889,-8.46796e-06,-7.35803e-05,5.78098e-05,1.64039e-05,8.60888e-05,0.000119202,0.000131999,7.81748e-05,0.00014254,0.00014254]
         - Accuracy: 0.622642
         - AUC: 0.929944

Bootstrapping START!!!
bootstrapping time = 458.342 seconds
Bootstrapping END!!!
         - wData = [-0.0020068,-5.71775e-06,-7.36402e-05,5.78429e-05,1.65852e-05,8.5932e-05,0.000119049,0.00013213,7.82879e-05,0.000142696,0.000142696]
         - Accuracy: 0.622642
         - AUC: 0.930106

4-th iteration started !!!
** un-encrypted
         - wData = [-0.00328979,5.22708e-05,-0.000105565,0.000111209,2.48142e-05,0.000135346,0.000175087,0.000216223,7.69687e-05,0.000220964,0.000220964]
         - Accuracy: 0.622642
         - AUC: 0.932769
** encrypted
update time = 66.419 seconds
         - wData = [-0.00334367,3.21909e-05,-0.0001268,0.000105627,2.56032e-05,0.000125073,0.000179987,0.000232666,0.000117504,0.000256774,0.000256774]
         - Accuracy: 0.622642
         - AUC: 0.932894

5-th iteration started !!!
** un-encrypted
         - wData = [-0.00488189,7.6068e-05,-0.000163122,0.000161755,3.68073e-05,0.000190516,0.000249709,0.000313825,0.000108484,0.000323541,0.000323541]
         - Accuracy: 0.622642
         - AUC: 0.932948
** encrypted
update time = 61.529 seconds
         - wData = [-0.00497378,6.60912e-05,-0.000172251,0.000156787,2.1232e-05,0.000174753,0.000272746,0.000331871,0.000169701,0.000362732,0.000362732]
         - Accuracy: 0.622642
         - AUC: 0.934033

6-th iteration started !!!
** un-encrypted
         - wData = [-0.00666499,0.00010611,-0.000214381,0.000225791,5.03416e-05,0.00027416,0.000354736,0.00043827,0.000155855,0.000448128,0.000448128]
         - Accuracy: 0.622642
         - AUC: 0.932795
** encrypted
update time = 52.929 seconds
         - wData = [-0.00678905,8.33728e-05,-0.000219086,0.000230212,2.4573e-05,0.000265004,0.000395247,0.000462412,0.000231196,0.000487671,0.000487671]
         - Accuracy: 0.622642
         - AUC: 0.934436

Bootstrapping START!!!
bootstrapping time = 384.889 seconds
Bootstrapping END!!!
         - wData = [-0.00678643,8.41715e-05,-0.000218401,0.000231362,2.39381e-05,0.000265648,0.000395289,0.000463152,0.000231526,0.000487162,0.000487162]
         - Accuracy: 0.622642
         - AUC: 0.934481

7-th iteration started !!!
** un-encrypted
         - wData = [-0.0086686,0.00014154,-0.000265742,0.000301419,6.56132e-05,0.00037864,0.000483063,0.000585422,0.000214869,0.000592883,0.000592883]
         - Accuracy: 0.622642
         - AUC: 0.932571
** encrypted
update time = 87.69 seconds
         - wData = [-0.00882295,0.000101181,-0.000278704,0.00031391,4.0856e-05,0.000379241,0.000570612,0.000624457,0.000298314,0.000636128,0.000636128]
         - Accuracy: 0.622642
         - AUC: 0.933557

8-th iteration started !!!
** un-encrypted
         - wData = [-0.0109866,0.00017994,-0.000335968,0.000383249,8.32379e-05,0.000482051,0.000614428,0.000743704,0.00027346,0.00075286,0.00075286]
         - Accuracy: 0.622642
         - AUC: 0.932526
** encrypted
update time = 55.939 seconds
         - wData = [-0.0111758,0.00012193,-0.000344537,0.000412364,7.36734e-05,0.00050352,0.000744824,0.00079068,0.000358761,0.000798419,0.000798419]
         - Accuracy: 0.622642
         - AUC: 0.932948

9-th iteration started !!!
** un-encrypted
         - wData = [-0.0135124,0.000223879,-0.000404869,0.000477021,0.000102531,0.000607684,0.000770297,0.000925241,0.000344441,0.000933126,0.000933126]
         - Accuracy: 0.622642
         - AUC: 0.932392
** encrypted
update time = 47.055 seconds
         - wData = [-0.0137341,0.000162675,-0.000407697,0.000504708,0.000130412,0.000644387,0.00093685,0.000982374,0.000444289,0.000991679,0.000991679]
         - Accuracy: 0.622642
         - AUC: 0.933002

Bootstrapping START!!!
bootstrapping time = 408.032 seconds
Bootstrapping END!!!
         - wData = [-0.0137297,0.000163625,-0.000407039,0.000504286,0.000129988,0.000644505,0.000936455,0.000981979,0.000444798,0.000992022,0.000992022]
         - Accuracy: 0.622642
         - AUC: 0.933011

10-th iteration started !!!
** un-encrypted
         - wData = [-0.0162568,0.000273035,-0.00047495,0.000582023,0.000123569,0.000752543,0.000947878,0.0011284,0.000426155,0.00113296,0.00113296]
         - Accuracy: 0.622642
         - AUC: 0.932249
** encrypted
update time = 67.939 seconds
         - wData = [-0.0165239,0.000202246,-0.000477148,0.000607472,0.000169516,0.000795709,0.00113576,0.00119548,0.000540367,0.00120738,0.00120738]
         - Accuracy: 0.622642
         - AUC: 0.932482

11-th iteration started !!!
** un-encrypted
         - wData = [-0.0193092,0.000325143,-0.000563861,0.000693205,0.00014694,0.000896085,0.00112821,0.00134238,0.000507275,0.00134779,0.00134779]
         - Accuracy: 0.622642
         - AUC: 0.93224
** encrypted
update time = 66.608 seconds
         - wData = [-0.0196379,0.00024386,-0.000570711,0.000735396,0.000213129,0.000954924,0.00133271,0.00141642,0.000638344,0.00144254,0.00144254]
         - Accuracy: 0.622642
         - AUC: 0.932311

12-th iteration started !!!
** un-encrypted
         - wData = [-0.0225676,0.000382695,-0.000652349,0.000816133,0.000171995,0.0010606,0.00133182,0.00157881,0.000600072,0.00158251,0.00158251]
         - Accuracy: 0.622642
         - AUC: 0.932114
** encrypted
update time = 55.716 seconds
         - wData = [-0.0229505,0.000295593,-0.000656964,0.000872991,0.0002488,0.00114659,0.00156488,0.00164663,0.000737431,0.00169044,0.00169044]
         - Accuracy: 0.622642
         - AUC: 0.931935

Bootstrapping START!!!
bootstrapping time = 432.955 seconds
Bootstrapping END!!!
         - wData = [-0.0229466,0.000295542,-0.000656606,0.000872484,0.000248701,0.00114672,0.00156507,0.00164724,0.000737494,0.00168966,0.00168966]
         - Accuracy: 0.622642
         - AUC: 0.931935

13-th iteration started !!!
** un-encrypted
         - wData = [-0.0260384,0.000445494,-0.00074204,0.00095038,0.000198787,0.00124417,0.00155691,0.00183664,0.000703472,0.00183668,0.00183668]
         - Accuracy: 0.622642
         - AUC: 0.932105
** encrypted
update time = 58.655 seconds
         - wData = [-0.0264737,0.00034815,-0.000770432,0.00100931,0.000305173,0.00134741,0.00179675,0.00189253,0.000848893,0.00193605,0.00193605]
         - Accuracy: 0.622642
         - AUC: 0.93224

14-th iteration started !!!
** un-encrypted
         - wData = [-0.0297251,0.000513425,-0.000833993,0.00109569,0.000227349,0.00144553,0.00180231,0.00211519,0.000816774,0.00211002,0.00211002]
         - Accuracy: 0.622642
         - AUC: 0.931989
** encrypted
update time = 54.068 seconds
         - wData = [-0.0302216,0.000404739,-0.00088848,0.00116041,0.000374472,0.00157241,0.00202126,0.00215023,0.000975558,0.00222101,0.00222101]
         - Accuracy: 0.622642
         - AUC: 0.932231

15-th iteration started !!!
** un-encrypted
         - wData = [-0.0337149,0.000584305,-0.000945163,0.00124719,0.000258251,0.00164495,0.00204986,0.0024041,0.000929087,0.00239814,0.00239814]
         - Accuracy: 0.622642
         - AUC: 0.931953
** encrypted
update time = 46.304 seconds
         - wData = [-0.0342821,0.000452841,-0.00103577,0.00131339,0.000440713,0.0017887,0.00227174,0.00242366,0.00110715,0.00253219,0.00253219]
         - Accuracy: 0.622642
         - AUC: 0.93215

Bootstrapping START!!!
bootstrapping time = 371.544 seconds
Bootstrapping END!!!
         - wData = [-0.034279,0.000452661,-0.00103611,0.0013127,0.000441921,0.0017888,0.00227183,0.00242468,0.00110672,0.00253139,0.00253139]
         - Accuracy: 0.622642
         - AUC: 0.932132

16-th iteration started !!!
** un-encrypted
         - wData = [-0.0379074,0.000660591,-0.0010569,0.00141039,0.000290866,0.0018641,0.00231946,0.00271468,0.00105235,0.00270586,0.00270586]
         - Accuracy: 0.622642
         - AUC: 0.931818
** encrypted
update time = 60.146 seconds
         - wData = [-0.0385418,0.000508025,-0.00118974,0.00148144,0.000524825,0.00203689,0.00255386,0.00272765,0.00123729,0.00284375,0.00284375]
         - Accuracy: 0.622642
         - AUC: 0.932114

17-th iteration started !!!
** un-encrypted
         - wData = [-0.0423059,0.000742183,-0.00117019,0.00158506,0.000325228,0.00210182,0.00261003,0.00304631,0.0011859,0.00303294,0.00303294]
         - Accuracy: 0.622642
         - AUC: 0.931684
** encrypted
update time = 53.74 seconds
         - wData = [-0.04302,0.000568905,-0.00135904,0.00166934,0.00059129,0.00227755,0.00285556,0.00304736,0.00137071,0.00320182,0.00320182]
         - Accuracy: 0.622642
         - AUC: 0.932015

18-th iteration started !!!
** un-encrypted
         - wData = [-0.046912,0.000829022,-0.00128575,0.00177108,0.000361362,0.0023573,0.0029208,0.00339854,0.00132928,0.0033792,0.0033792]
         - Accuracy: 0.622642
         - AUC: 0.931522
** encrypted
update time = 46.597 seconds
         - wData = [-0.0477089,0.00064773,-0.00151215,0.00188723,0.000653696,0.00253357,0.00318049,0.00337809,0.00152315,0.00357604,0.00357604]
         - Accuracy: 0.622642
         - AUC: 0.931908

Bootstrapping START!!!
bootstrapping time = 372.808 seconds
Bootstrapping END!!!
         - wData = [-0.0477044,0.000648365,-0.00151246,0.00188703,0.000654748,0.00253437,0.00318007,0.0033791,0.0015235,0.00357528,0.00357528]
         - Accuracy: 0.622642
         - AUC: 0.931926

19-th iteration started !!!
** un-encrypted
         - wData = [-0.0517262,0.000921074,-0.00140411,0.00196839,0.000399288,0.00262991,0.00325119,0.00377102,0.00148214,0.00374453,0.00374453]
         - Accuracy: 0.622642
         - AUC: 0.931504
** encrypted
update time = 59.389 seconds
         - wData = [-0.0526033,0.00072011,-0.00164785,0.00213653,0.000708011,0.00279373,0.00352069,0.00375897,0.00167999,0.00395202,0.00395202]
         - Accuracy: 0.622642
         - AUC: 0.931755

20-th iteration started !!!
** un-encrypted
         - wData = [-0.0568356,0.00101617,-0.00154187,0.00217212,0.000439568,0.00290028,0.00358343,0.00415362,0.00163375,0.00412461,0.00412461]
         - Accuracy: 0.622642
         - AUC: 0.931406
** encrypted
update time = 55.747 seconds
         - wData = [-0.0577863,0.000797591,-0.00181053,0.00238864,0.000769681,0.0030578,0.00386652,0.00416309,0.00183814,0.00433984,0.00433984]
         - Accuracy: 0.622642
         - AUC: 0.931612

21-th iteration started !!!
** un-encrypted
         - wData = [-0.0621403,0.00111677,-0.0016809,0.00238779,0.000481592,0.0031896,0.00393693,0.00455738,0.00179582,0.00452421,0.00452421]
         - Accuracy: 0.622642
         - AUC: 0.931388
** encrypted
update time = 46.656 seconds
         - wData = [-0.0631677,0.000890269,-0.00198593,0.00263455,0.000833439,0.00334728,0.00422848,0.00460012,0.00202439,0.00475585,0.00475585]
         - Accuracy: 0.622642
         - AUC: 0.931621

Bootstrapping START!!!
bootstrapping time = 370.387 seconds
Bootstrapping END!!!
         - wData = [-0.0631635,0.000891625,-0.00198587,0.00263483,0.000833802,0.00334736,0.00422801,0.0046003,0.00202341,0.00475565,0.00475565]
         - Accuracy: 0.622642
         - AUC: 0.931621

22-th iteration started !!!
** un-encrypted
         - wData = [-0.0677291,0.00122066,-0.00183801,0.00261045,0.000525932,0.00347822,0.0042937,0.00497203,0.00195745,0.00493894,0.00493894]
         - Accuracy: 0.622642
         - AUC: 0.931361
** encrypted
update time = 58.753 seconds
         - wData = [-0.0688469,0.000998924,-0.00219937,0.00287816,0.000899979,0.00362911,0.00458354,0.00505374,0.00221373,0.00517125,0.00517125]
         - Accuracy: 0.622642
         - AUC: 0.931737

23-th iteration started !!!
** un-encrypted
         - wData = [-0.0735914,0.00132809,-0.00201165,0.00284065,0.000572538,0.00376798,0.00465542,0.00539851,0.00211966,0.00536923,0.00536923]
         - Accuracy: 0.622642
         - AUC: 0.93137
** encrypted
update time = 53.842 seconds
         - wData = [-0.074819,0.0011197,-0.00244008,0.00312967,0.000968928,0.00390478,0.00494784,0.00551588,0.00239866,0.00562042,0.00562042]
         - Accuracy: 0.622642
         - AUC: 0.931836

24-th iteration started !!!
** un-encrypted
         - wData = [-0.0796295,0.00144146,-0.00218434,0.0030838,0.000620823,0.00407931,0.00504073,0.0058475,0.00229371,0.00581975,0.00581975]
         - Accuracy: 0.622642
         - AUC: 0.931379
** encrypted
update time = 45.83 seconds
         - wData = [-0.0809757,0.00124195,-0.00267563,0.00340867,0.00103212,0.00422878,0.00537026,0.00598354,0.00257985,0.00609202,0.00609202]
         - Accuracy: 0.622642
         - AUC: 0.931935

Bootstrapping START!!!
bootstrapping time = 373.2 seconds
Bootstrapping END!!!
         - wData = [-0.0809711,0.00124208,-0.00267549,0.00340914,0.00103168,0.00422984,0.00537017,0.00598373,0.0025795,0.00609294,0.00609294]
         - Accuracy: 0.622642
         - AUC: 0.931935

25-th iteration started !!!
** un-encrypted
         - wData = [-0.0858452,0.0015607,-0.00235693,0.00333978,0.000670818,0.00441127,0.00544875,0.00631847,0.00247906,0.0062903,0.0062903]
         - Accuracy: 0.622642
         - AUC: 0.931352
** encrypted
update time = 58.176 seconds
         - wData = [-0.0873205,0.00137324,-0.00292235,0.00368989,0.00110133,0.00457623,0.00584353,0.0064651,0.00277619,0.00658948,0.00658948]
         - Accuracy: 0.622642
         - AUC: 0.931863

26-th iteration started !!!
** un-encrypted
         - wData = [-0.0923295,0.00168356,-0.0025463,0.0036035,0.000723102,0.00474406,0.00586146,0.00680109,0.00266474,0.00677645,0.00677645]
         - Accuracy: 0.622642
         - AUC: 0.931343
** encrypted
update time = 53.169 seconds
         - wData = [-0.0939478,0.00150362,-0.00319273,0.00400387,0.0011846,0.00490029,0.00632605,0.00697292,0.00298481,0.00713269,0.00713269]
         - Accuracy: 0.622642
         - AUC: 0.931773

27-th iteration started !!!
** un-encrypted
         - wData = [-0.0989833,0.00181248,-0.00273507,0.00388046,0.000777088,0.00509812,0.00629742,0.00730601,0.00286205,0.00728286,0.00728286]
         - Accuracy: 0.622642
         - AUC: 0.931352
** encrypted
update time = 44.773 seconds
         - wData = [-0.10074,0.00165067,-0.00344984,0.00432441,0.00127649,0.00524519,0.00682125,0.00750722,0.00320958,0.00771396,0.00771396]
         - Accuracy: 0.622642
         - AUC: 0.931639

Bootstrapping START!!!
bootstrapping time = 369.895 seconds
Bootstrapping END!!!
         - wData = [-0.100736,0.00165109,-0.00344952,0.00432538,0.00127618,0.00524561,0.00682092,0.00750613,0.00321076,0.00771299,0.00771299]
         - Accuracy: 0.622642
         - AUC: 0.93163

28-th iteration started !!!
** un-encrypted
         - wData = [-0.105898,0.00194518,-0.00294013,0.00416554,0.000833355,0.00545364,0.00673864,0.00782287,0.00305998,0.00780508,0.00780508]
         - Accuracy: 0.622642
         - AUC: 0.931343
** encrypted
update time = 58.779 seconds
         - wData = [-0.107794,0.00181256,-0.00373446,0.0046331,0.00138252,0.00558782,0.00731504,0.00804424,0.0034342,0.00829466,0.00829466]
         - Accuracy: 0.622642
         - AUC: 0.931522

29-th iteration started !!!
** un-encrypted
         - wData = [-0.113066,0.00208186,-0.00316043,0.00445919,0.000891873,0.00581186,0.00718625,0.00835234,0.00325921,0.00834342,0.00834342]
         - Accuracy: 0.622642
         - AUC: 0.931388
** encrypted
update time = 52.853 seconds
         - wData = [-0.115101,0.00197009,-0.00404036,0.00496422,0.00147741,0.00593538,0.00781169,0.00858395,0.00366232,0.00888571,0.00888571]
         - Accuracy: 0.622642
         - AUC: 0.931477

30-th iteration started !!!
** un-encrypted
         - wData = [-0.120387,0.00222495,-0.00337886,0.00476691,0.000952063,0.00619293,0.00765849,0.00890488,0.00347087,0.00890253,0.00890253]
         - Accuracy: 0.622642
         - AUC: 0.931388
** encrypted
update time = 45.075 seconds
         - wData = [-0.122577,0.00212989,-0.00434371,0.00529845,0.00156684,0.00629697,0.00834604,0.0091668,0.00388954,0.00951669,0.00951669]
         - Accuracy: 0.622642
         - AUC: 0.931513

Bootstrapping START!!!
bootstrapping time = 365.573 seconds
Bootstrapping END!!!
         - wData = [-0.122572,0.00213014,-0.00434305,0.00529773,0.00156628,0.00629744,0.00834674,0.0091666,0.00389056,0.00951628,0.00951628]
         - Accuracy: 0.622642
         - AUC: 0.931504

31-th iteration started !!!
** un-encrypted
         - wData = [-0.127955,0.00237215,-0.00361238,0.00508348,0.00101451,0.00657691,0.00813731,0.00947012,0.0036839,0.00947791,0.00947791]
         - Accuracy: 0.622642
         - AUC: 0.931388
** encrypted
update time = 57.961 seconds
         - wData = [-0.130311,0.00227455,-0.0046642,0.00563888,0.00165207,0.00663973,0.00889717,0.00976863,0.00411532,0.0101526,0.0101526]
         - Accuracy: 0.622642
         - AUC: 0.931558

32-th iteration started !!!
** un-encrypted
         - wData = [-0.13567,0.00252589,-0.00384395,0.00541447,0.00107864,0.0069839,0.00864088,0.0100585,0.0039094,0.0100742,0.0100742]
         - Accuracy: 0.622642
         - AUC: 0.931316
** encrypted
update time = 53.046 seconds
         - wData = [-0.138195,0.00242802,-0.00499325,0.00598298,0.00174766,0.00702119,0.0094786,0.0103963,0.00434965,0.0107892,0.0107892]
         - Accuracy: 0.622642
         - AUC: 0.931513

33-th iteration started !!!
** un-encrypted
         - wData = [-0.143626,0.00268386,-0.00409048,0.00575461,0.00114503,0.00739402,0.00915123,0.0106597,0.00413633,0.0106869,0.0106869]
         - Accuracy: 0.622642
         - AUC: 0.931271
** encrypted
update time = 44.888 seconds
         - wData = [-0.146321,0.00257092,-0.00532587,0.00631996,0.00184847,0.00740821,0.0100811,0.0110436,0.00458725,0.0114463,0.0114463]
         - Accuracy: 0.622642
         - AUC: 0.931504

Bootstrapping START!!!
bootstrapping time = 358.619 seconds
Bootstrapping END!!!
         - wData = [-0.146317,0.00257071,-0.00532533,0.00632073,0.00184825,0.00740866,0.0100808,0.0110437,0.00458687,0.0114467,0.0114467]
         - Accuracy: 0.622642
         - AUC: 0.931504

34-th iteration started !!!
** un-encrypted
         - wData = [-0.151816,0.00284624,-0.00435116,0.00610427,0.00121366,0.00780823,0.00966923,0.0112741,0.00436519,0.0113162,0.0113162]
         - Accuracy: 0.622642
         - AUC: 0.931191
** encrypted
update time = 57.085 seconds
         - wData = [-0.154675,0.0027141,-0.00566213,0.00667322,0.00194084,0.00779831,0.0106965,0.0116937,0.00483633,0.0120966,0.0120966]
         - Accuracy: 0.622642
         - AUC: 0.93146

35-th iteration started !!!
** un-encrypted
         - wData = [-0.160232,0.00301316,-0.00462531,0.00646383,0.00128453,0.00822735,0.0101956,0.0119023,0.00459641,0.0119625,0.0119625]
         - Accuracy: 0.622642
         - AUC: 0.931137
** encrypted
update time = 53.292 seconds
         - wData = [-0.16326,0.00285759,-0.00599486,0.00703644,0.00202838,0.00819487,0.0113223,0.0123445,0.00508973,0.0127714,0.0127714]
         - Accuracy: 0.622642
         - AUC: 0.931486

36-th iteration started !!!
** un-encrypted
         - wData = [-0.168774,0.00318712,-0.00489614,0.00683896,0.00135704,0.00867129,0.0107483,0.0125544,0.00484101,0.0126303,0.0126303]
         - Accuracy: 0.622642
         - AUC: 0.93111
** encrypted
update time = 46.532 seconds
         - wData = [-0.171963,0.0030172,-0.00632973,0.0074289,0.00211311,0.00862768,0.0119642,0.0130299,0.0053853,0.0134788,0.0134788]
         - Accuracy: 0.622642
         - AUC: 0.931469

Bootstrapping START!!!
bootstrapping time = 365.291 seconds
Bootstrapping END!!!
         - wData = [-0.171958,0.00301752,-0.00632979,0.00742927,0.00211307,0.00862851,0.0119644,0.0130305,0.00538522,0.0134788,0.0134788]
         - Accuracy: 0.622642
         - AUC: 0.931486

37-th iteration started !!!
** un-encrypted
         - wData = [-0.177538,0.00336574,-0.00518056,0.00722421,0.00143181,0.00912004,0.0113093,0.0132203,0.00508786,0.0133151,0.0133151]
         - Accuracy: 0.622642
         - AUC: 0.931074
** encrypted
update time = 58.685 seconds
         - wData = [-0.180892,0.00320231,-0.00667507,0.00781433,0.00219599,0.0090644,0.0126039,0.0137221,0.00565392,0.0142048,0.0142048]
         - Accuracy: 0.622642
         - AUC: 0.931406

38-th iteration started !!!
** un-encrypted
         - wData = [-0.186518,0.00354917,-0.00547798,0.00761995,0.0015088,0.00957436,0.0118794,0.0139001,0.00533734,0.0140171,0.0140171]
         - Accuracy: 0.622642
         - AUC: 0.931074
** encrypted
update time = 53.769 seconds
         - wData = [-0.190041,0.0033866,-0.00703012,0.00819645,0.0022806,0.00951306,0.0132412,0.0144202,0.00592073,0.0149256,0.0149256]
         - Accuracy: 0.622642
         - AUC: 0.931388

39-th iteration started !!!
** un-encrypted
         - wData = [-0.195609,0.00373992,-0.00577168,0.00803195,0.00158746,0.0100541,0.0124761,0.0146043,0.00560048,0.0147411,0.0147411]
         - Accuracy: 0.622642
         - AUC: 0.931074
** encrypted
update time = 45.496 seconds
         - wData = [-0.199294,0.00356905,-0.00737211,0.0085965,0.00237957,0.00998331,0.0139116,0.0151164,0.0062212,0.0156607,0.0156607]
         - Accuracy: 0.622642
         - AUC: 0.931343

Bootstrapping START!!!
bootstrapping time = 366.64 seconds
Bootstrapping END!!!
         - wData = [-0.199289,0.00356908,-0.00737194,0.00859585,0.00238052,0.0099824,0.0139109,0.0151166,0.00622116,0.015661,0.015661]
         - Accuracy: 0.622642
         - AUC: 0.931343

40-th iteration started !!!
** un-encrypted
         - wData = [-0.204813,0.00393797,-0.00606236,0.00846016,0.0016678,0.0105585,0.0130989,0.0153324,0.0058768,0.0154868,0.0154868]
         - Accuracy: 0.622642
         - AUC: 0.931029
** encrypted
update time = 58.839 seconds
         - wData = [-0.208625,0.00378237,-0.00768855,0.00901492,0.00246395,0.0104632,0.0146035,0.0158252,0.00652954,0.0164045,0.0164045]
         - Accuracy: 0.622642
         - AUC: 0.931289

41-th iteration started !!!
** un-encrypted
         - wData = [-0.214129,0.00414332,-0.00635063,0.00890457,0.00174987,0.0110869,0.0137472,0.016084,0.00616592,0.0162543,0.0162543]
         - Accuracy: 0.622642
         - AUC: 0.931011
** encrypted
update time = 53.036 seconds
         - wData = [-0.218058,0.00400103,-0.00799994,0.00946776,0.0025569,0.0109692,0.015335,0.0165632,0.00683461,0.0171676,0.0171676]
         - Accuracy: 0.622642
         - AUC: 0.931209

42-th iteration started !!!
** un-encrypted
         - wData = [-0.223657,0.00435354,-0.0066532,0.00935961,0.00183424,0.0116194,0.0144031,0.0168489,0.00645675,0.0170388,0.0170388]
         - Accuracy: 0.622642
         - AUC: 0.931011
** encrypted
update time = 45.905 seconds
         - wData = [-0.22772,0.00421268,-0.00831175,0.00992871,0.00266844,0.0115005,0.0160797,0.0172952,0.00713858,0.0179573,0.0179573]
         - Accuracy: 0.622642
         - AUC: 0.931218

Bootstrapping START!!!
bootstrapping time = 367.244 seconds
Bootstrapping END!!!
         - wData = [-0.227715,0.00421352,-0.00831171,0.00992851,0.00266856,0.0115009,0.0160796,0.0172957,0.00713812,0.0179569,0.0179569]
         - Accuracy: 0.622642
         - AUC: 0.931218

43-th iteration started !!!
** un-encrypted
         - wData = [-0.233289,0.00457122,-0.00695326,0.00983128,0.00192034,0.0121761,0.0150847,0.0176375,0.00676045,0.0178453,0.0178453]
         - Accuracy: 0.622642
         - AUC: 0.930922
** encrypted
update time = 59.416 seconds
         - wData = [-0.237471,0.00443129,-0.00862489,0.010403,0.0027764,0.0120684,0.016863,0.0180552,0.00745076,0.0187607,0.0187607]
         - Accuracy: 0.622642
         - AUC: 0.931182

44-th iteration started !!!
** un-encrypted
         - wData = [-0.243025,0.00479638,-0.00725131,0.0103196,0.00200819,0.0127564,0.0157912,0.0184494,0.00707667,0.0186736,0.0186736]
         - Accuracy: 0.622642
         - AUC: 0.930769
** encrypted
update time = 53.537 seconds
         - wData = [-0.24732,0.00466965,-0.00891771,0.0109098,0.00290096,0.0126556,0.017677,0.0188364,0.00777013,0.0195861,0.0195861]
         - Accuracy: 0.622642
         - AUC: 0.931164

45-th iteration started !!!
** un-encrypted
         - wData = [-0.252864,0.00502903,-0.00754781,0.0108246,0.00209782,0.0133599,0.0165224,0.0192845,0.00740514,0.0195237,0.0195237]
         - Accuracy: 0.622642
         - AUC: 0.930626
** encrypted
update time = 46.183 seconds
         - wData = [-0.25727,0.00489815,-0.00920667,0.0114292,0.00301492,0.013256,0.0185286,0.0196409,0.00809246,0.0204256,0.0204256]
         - Accuracy: 0.622642
         - AUC: 0.931146

Bootstrapping START!!!
bootstrapping time = 388.861 seconds
Bootstrapping END!!!
         - wData = [-0.257264,0.00489928,-0.00920671,0.0114296,0.00301563,0.0132563,0.018528,0.019641,0.00809221,0.020425,0.020425]
         - Accuracy: 0.622642
         - AUC: 0.931146

46-th iteration started !!!
** un-encrypted
         - wData = [-0.262804,0.00526919,-0.00784314,0.0113463,0.00218924,0.0139862,0.0172778,0.0201424,0.00774559,0.0203956,0.0203956]
         - Accuracy: 0.622642
         - AUC: 0.930536
** encrypted
update time = 60.536 seconds
         - wData = [-0.267313,0.00513484,-0.00949162,0.0119707,0.00312943,0.0138841,0.0193906,0.0204741,0.00846544,0.021268,0.021268]
         - Accuracy: 0.622642
         - AUC: 0.930984

47-th iteration started !!!
** un-encrypted
         - wData = [-0.272844,0.00551688,-0.00813765,0.0118849,0.00228248,0.0146349,0.0180571,0.021023,0.0080978,0.0212892,0.0212892]
         - Accuracy: 0.622642
         - AUC: 0.930411
** encrypted
update time = 56.252 seconds
         - wData = [-0.277484,0.00540913,-0.00977503,0.0125442,0.00324227,0.014537,0.0202602,0.0213343,0.00886518,0.0221389,0.0221389]
         - Accuracy: 0.622642
         - AUC: 0.930904

48-th iteration started !!!
** un-encrypted
         - wData = [-0.282982,0.00577215,-0.00843163,0.0124404,0.00237755,0.0153056,0.01886,0.0219261,0.00846157,0.0222046,0.0222046]
         - Accuracy: 0.622642
         - AUC: 0.930294
** encrypted
update time = 46.294 seconds
         - wData = [-0.287732,0.00567983,-0.0100602,0.0131277,0.00335787,0.0151965,0.0211579,0.0222421,0.00928385,0.0230243,0.0230243]
         - Accuracy: 0.622642
         - AUC: 0.930796

Bootstrapping START!!!
bootstrapping time = 377.328 seconds
Bootstrapping END!!!
         - wData = [-0.287727,0.00568083,-0.0100598,0.0131274,0.00335871,0.0151967,0.0211579,0.0222421,0.0092838,0.0230237,0.0230237]
         - Accuracy: 0.622642
         - AUC: 0.930796

49-th iteration started !!!
** un-encrypted
         - wData = [-0.293216,0.00603504,-0.00872535,0.0130129,0.00247447,0.0159982,0.0196862,0.0228516,0.00883672,0.0231417,0.0231417]
         - Accuracy: 0.622642
         - AUC: 0.93024
** encrypted
update time = 60.498 seconds
         - wData = [-0.298046,0.00595247,-0.0103579,0.0137626,0.00347083,0.0158816,0.0220922,0.0231764,0.00970216,0.0239326,0.0239326]
         - Accuracy: 0.622642
         - AUC: 0.930805

50-th iteration started !!!
** un-encrypted
         - wData = [-0.303543,0.00630558,-0.00901906,0.0136025,0.00257326,0.0167124,0.0205355,0.0237994,0.0092231,0.0241006,0.0241006]
         - Accuracy: 0.622642
         - AUC: 0.930133
** encrypted
update time = 55.56 seconds
         - wData = [-0.308436,0.00622848,-0.0106706,0.0144243,0.0035719,0.0165906,0.0230643,0.0241229,0.0101274,0.024863,0.024863]
         - Accuracy: 0.622642
         - AUC: 0.930715

51-th iteration started !!!
** un-encrypted
         - wData = [-0.314068,0.00658127,-0.00932908,0.0142034,0.00267449,0.0174286,0.0213907,0.0247592,0.00960969,0.0250766,0.0250766]
         - Accuracy: 0.622642
         - AUC: 0.930016
** encrypted
update time = 45.674 seconds
         - wData = [-0.31904,0.00652644,-0.0109978,0.015083,0.0036855,0.0173067,0.0240344,0.0250763,0.0105495,0.0257912,0.0257912]
         - Accuracy: 0.622642
         - AUC: 0.930626

Bootstrapping START!!!
bootstrapping time = 377.103 seconds
Bootstrapping END!!!
         - wData = [-0.319034,0.00652768,-0.0109981,0.0150829,0.00368608,0.0173063,0.0240341,0.0250759,0.0105498,0.0257913,0.0257913]
         - Accuracy: 0.622642
         - AUC: 0.930626

52-th iteration started !!!
** un-encrypted
         - wData = [-0.324674,0.00686487,-0.00963855,0.0148221,0.00277758,0.0181671,0.0222697,0.0257416,0.0100079,0.0260747,0.0260747]
         - Accuracy: 0.622642
         - AUC: 0.929971
** encrypted
update time = 57.98 seconds
         - wData = [-0.32971,0.00684042,-0.0113432,0.0157603,0.003803,0.0180549,0.0250353,0.0260423,0.0109954,0.0267521,0.0267521]
         - Accuracy: 0.622642
         - AUC: 0.930545

53-th iteration started !!!
** un-encrypted
         - wData = [-0.335469,0.00715382,-0.00996382,0.0154525,0.00288312,0.0189083,0.0231551,0.0267365,0.0104066,0.0270902,0.0270902]
         - Accuracy: 0.622642
         - AUC: 0.9299
** encrypted
update time = 54.433 seconds
         - wData = [-0.340616,0.00715472,-0.0117088,0.016435,0.00391988,0.018789,0.026034,0.0270138,0.0114367,0.0277099,0.0277099]
         - Accuracy: 0.622642
         - AUC: 0.930429

54-th iteration started !!!
** un-encrypted
         - wData = [-0.346334,0.00745093,-0.0102881,0.0161012,0.00299051,0.0196725,0.0240648,0.0277543,0.0108172,0.0281281,0.0281281]
         - Accuracy: 0.622642
         - AUC: 0.929819
** encrypted
update time = 45.998 seconds
         - wData = [-0.351592,0.00748268,-0.0120598,0.0171259,0.00404352,0.0195535,0.0270567,0.0280215,0.011874,0.0286886,0.0286886]
         - Accuracy: 0.622642
         - AUC: 0.930366

Bootstrapping START!!!
bootstrapping time = 377.308 seconds
Bootstrapping END!!!
         - wData = [-0.351586,0.00748294,-0.0120603,0.0171259,0.00404352,0.0195533,0.0270566,0.0280224,0.0118747,0.0286884,0.0286884]
         - Accuracy: 0.622642
         - AUC: 0.930366

55-th iteration started !!!
** un-encrypted
         - wData = [-0.357269,0.00775625,-0.0106116,0.0167684,0.00309978,0.0204594,0.0249985,0.0287949,0.0112395,0.0291883,0.0291883]
         - Accuracy: 0.622642
         - AUC: 0.929783
** encrypted
update time = 61.699 seconds
         - wData = [-0.362623,0.00780365,-0.0124155,0.0178329,0.0041692,0.0203557,0.0281129,0.0290713,0.0123309,0.0296819,0.0296819]
         - Accuracy: 0.622642
         - AUC: 0.930285

56-th iteration started !!!
** un-encrypted
         - wData = [-0.36827,0.00806982,-0.0109346,0.0174542,0.00321094,0.0212689,0.0259561,0.0298581,0.0116734,0.0302711,0.0302711]
         - Accuracy: 0.622642
         - AUC: 0.929711
** encrypted
update time = 55.694 seconds
         - wData = [-0.373732,0.00811159,-0.0127506,0.0185639,0.00428213,0.0211729,0.029208,0.030163,0.0128139,0.0306938,0.0306938]
         - Accuracy: 0.622642
         - AUC: 0.930178

57-th iteration started !!!
** un-encrypted
         - wData = [-0.379445,0.00838903,-0.0112733,0.0181523,0.00332458,0.0220813,0.0269204,0.0309339,0.0121079,0.0313715,0.0313715]
         - Accuracy: 0.622642
         - AUC: 0.929711
** encrypted
update time = 45.742 seconds
         - wData = [-0.385016,0.00843343,-0.0130884,0.0193248,0.00438787,0.0219978,0.0303309,0.0312821,0.0133083,0.031708,0.031708]
         - Accuracy: 0.622642
         - AUC: 0.930061

Bootstrapping START!!!
bootstrapping time = 380.2 seconds
Bootstrapping END!!!
         - wData = [-0.38501,0.00843325,-0.0130884,0.0193247,0.00438776,0.0219976,0.0303304,0.0312821,0.0133089,0.0317087,0.0317087]
         - Accuracy: 0.622642
         - AUC: 0.93007

58-th iteration started !!!
** un-encrypted
         - wData = [-0.390676,0.00871675,-0.011611,0.0188697,0.00344011,0.0229169,0.027909,0.0320327,0.0125542,0.0324946,0.0324946]
         - Accuracy: 0.622642
         - AUC: 0.929622
** encrypted
update time = 60.259 seconds
         - wData = [-0.396366,0.00876381,-0.0134161,0.0201098,0.00448408,0.0228379,0.0314863,0.032425,0.0138166,0.0327629,0.0327629]
         - Accuracy: 0.622642
         - AUC: 0.930007

59-th iteration started !!!
** un-encrypted
         - wData = [-0.402071,0.00905033,-0.011964,0.0196,0.00355812,0.023756,0.028905,0.0331444,0.0130013,0.0336357,0.0336357]
         - Accuracy: 0.622642
         - AUC: 0.929577
** encrypted
update time = 53.661 seconds
         - wData = [-0.407912,0.00911572,-0.0137769,0.0209164,0.00457773,0.0236663,0.0326641,0.0335902,0.0143191,0.0338278,0.0338278]
         - Accuracy: 0.622642
         - AUC: 0.929944

60-th iteration started !!!
** un-encrypted
         - wData = [-0.41351,0.00939265,-0.0123156,0.0203501,0.00367802,0.024619,0.0299258,0.0342793,0.0134606,0.0347999,0.0347999]
         - Accuracy: 0.622642
         - AUC: 0.929487
** encrypted
update time = 47.544 seconds
         - wData = [-0.419493,0.00946978,-0.0141265,0.0217584,0.00466085,0.0245365,0.0338782,0.0347894,0.0148486,0.0349047,0.0349047]
         - Accuracy: 0.622642
         - AUC: 0.929837

Bootstrapping START!!!
bootstrapping time = 399.431 seconds
Bootstrapping END!!!
         - wData = [-0.419486,0.00946903,-0.0141269,0.0217583,0.00465954,0.0245368,0.0338782,0.0347899,0.0148498,0.0349039,0.0349039]
         - Accuracy: 0.622642
         - AUC: 0.929837

61-th iteration started !!!
** un-encrypted
         - wData = [-0.425105,0.00974104,-0.012682,0.0211136,0.0038004,0.025486,0.0309545,0.0354273,0.0139209,0.0359822,0.0359822]
         - Accuracy: 0.622642
         - AUC: 0.929406
** encrypted
update time = 58.421 seconds
         - wData = [-0.431231,0.00983532,-0.0144835,0.0226204,0.00475352,0.0254042,0.0350895,0.0360158,0.0153685,0.0360196,0.0360196]
         - Accuracy: 0.622642
         - AUC: 0.929729

62-th iteration started !!!
** un-encrypted
         - wData = [-0.436848,0.0100957,-0.0130627,0.0218909,0.00392525,0.0263578,0.0319916,0.0365888,0.0143826,0.037183,0.037183]
         - Accuracy: 0.622642
         - AUC: 0.929272
** encrypted
update time = 54.168 seconds
         - wData = [-0.443142,0.0102172,-0.0148488,0.0234748,0.00485466,0.0262845,0.036303,0.0372567,0.0158849,0.0371488,0.0371488]
         - Accuracy: 0.622642
         - AUC: 0.929586

63-th iteration started !!!
** un-encrypted
         - wData = [-0.448616,0.0104595,-0.0134411,0.0226891,0.00405199,0.0272547,0.0330546,0.0377743,0.0148571,0.0384074,0.0384074]
         - Accuracy: 0.622642
         - AUC: 0.929218
** encrypted
update time = 46.652 seconds
         - wData = [-0.45506,0.0106034,-0.015204,0.0243348,0.00497236,0.027197,0.0375408,0.0385199,0.0164188,0.0382884,0.0382884]
         - Accuracy: 0.622642
         - AUC: 0.929478

Bootstrapping START!!!
bootstrapping time = 431.796 seconds
Bootstrapping END!!!
         - wData = [-0.455053,0.010604,-0.0152047,0.024335,0.00497211,0.0271964,0.0375401,0.0385196,0.0164189,0.0382883,0.0382883]
         - Accuracy: 0.622642
         - AUC: 0.929469

64-th iteration started !!!
** un-encrypted
         - wData = [-0.460407,0.0108325,-0.0138174,0.0235081,0.00418063,0.0281765,0.0341433,0.0389836,0.0153443,0.0396555,0.0396555]
         - Accuracy: 0.622642
         - AUC: 0.929093
** encrypted
update time = 61.968 seconds
         - wData = [-0.466981,0.0110138,-0.0155537,0.0252061,0.00508386,0.0281222,0.0387736,0.0398007,0.0169622,0.0394594,0.0394594]
         - Accuracy: 0.622642
         - AUC: 0.929299

65-th iteration started !!!
** un-encrypted
         - wData = [-0.472217,0.0112148,-0.0141918,0.0243481,0.00431118,0.029123,0.0352575,0.0402166,0.015844,0.0409272,0.0409272]
         - Accuracy: 0.622642
         - AUC: 0.928976
** encrypted
update time = 54.43 seconds
         - wData = [-0.478928,0.011443,-0.0158904,0.0261239,0.00520298,0.0290731,0.0400429,0.0411102,0.0175307,0.0406544,0.0406544]
         - Accuracy: 0.622642
         - AUC: 0.929182

66-th iteration started !!!
** un-encrypted
         - wData = [-0.484163,0.0116036,-0.0145807,0.0252027,0.00444424,0.0300744,0.0363802,0.0414631,0.016345,0.0422177,0.0422177]
         - Accuracy: 0.622642
         - AUC: 0.928904
** encrypted
update time = 50.481 seconds
         - wData = [-0.491029,0.0118443,-0.0162317,0.0270609,0.00534908,0.0300276,0.0413268,0.0424246,0.0180979,0.0418665,0.0418665]
         - Accuracy: 0.622642
         - AUC: 0.929057

Bootstrapping START!!!
bootstrapping time = 377.453 seconds
Bootstrapping END!!!
         - wData = [-0.491023,0.0118439,-0.016232,0.0270614,0.00534902,0.0300275,0.0413261,0.042424,0.0180973,0.0418655,0.0418655]
         - Accuracy: 0.622642
         - AUC: 0.929057

67-th iteration started !!!
** un-encrypted
         - wData = [-0.496118,0.012002,-0.0149673,0.0260788,0.00457922,0.0310509,0.0375288,0.0427335,0.0168587,0.043532,0.043532]
         - Accuracy: 0.622642
         - AUC: 0.928833
** encrypted
update time = 58.56 seconds
         - wData = [-0.503141,0.0122759,-0.0165605,0.0280211,0.005481,0.0309943,0.0426343,0.0437713,0.018667,0.0431081,0.0431081]
         - Accuracy: 0.622642
         - AUC: 0.929021

68-th iteration started !!!
** un-encrypted
         - wData = [-0.5082,0.012407,-0.0153679,0.0269698,0.00471672,0.0320328,0.0386864,0.0440176,0.0173738,0.0448653,0.0448653]
         - Accuracy: 0.622642
         - AUC: 0.928743
** encrypted
update time = 53.297 seconds
         - wData = [-0.515407,0.0127424,-0.0168899,0.0289994,0.00564829,0.0319675,0.0439366,0.0451358,0.0192554,0.0443638,0.0443638]
         - Accuracy: 0.622642
         - AUC: 0.928851

69-th iteration started !!!
** un-encrypted
         - wData = [-0.520401,0.0128189,-0.0157821,0.0278762,0.00485673,0.0330205,0.0398535,0.0453158,0.0178907,0.0462178,0.0462178]
         - Accuracy: 0.622642
         - AUC: 0.928689
** encrypted
update time = 45.616 seconds
         - wData = [-0.527815,0.0131956,-0.0172333,0.0299926,0.00580429,0.0329394,0.0452295,0.0465271,0.0198519,0.0456346,0.0456346]
         - Accuracy: 0.622642
         - AUC: 0.928779

Bootstrapping START!!!
bootstrapping time = 382.242 seconds
Bootstrapping END!!!
         - wData = [-0.527807,0.0131951,-0.0172337,0.0299931,0.0058036,0.0329389,0.0452297,0.0465277,0.0198524,0.0456336,0.0456336]
         - Accuracy: 0.622642
         - AUC: 0.928779

70-th iteration started !!!
** un-encrypted
         - wData = [-0.532593,0.0132408,-0.0161933,0.0288052,0.00499866,0.0340347,0.0410474,0.0466385,0.0184209,0.0475948,0.0475948]
         - Accuracy: 0.622642
         - AUC: 0.928635
** encrypted
update time = 58.111 seconds
         - wData = [-0.540195,0.0136699,-0.0175725,0.0310079,0.0059726,0.0339505,0.0465487,0.0479575,0.0204692,0.0469232,0.0469232]
         - Accuracy: 0.622642
         - AUC: 0.928662

71-th iteration started !!!
** un-encrypted
         - wData = [-0.544895,0.0136697,-0.0166177,0.0297499,0.0051431,0.0350551,0.0422513,0.0479754,0.0189531,0.0489911,0.0489911]
         - Accuracy: 0.622642
         - AUC: 0.928573
** encrypted
update time = 53.026 seconds
         - wData = [-0.552699,0.01414,-0.0179269,0.03204,0.00613352,0.0349612,0.0478582,0.0493881,0.021088,0.0482248,0.0482248]
         - Accuracy: 0.622642
         - AUC: 0.928618

72-th iteration started !!!
** un-encrypted
         - wData = [-0.557301,0.0141057,-0.017055,0.0307107,0.00529006,0.0360825,0.0434655,0.0493269,0.0194874,0.0504071,0.0504071]
         - Accuracy: 0.622642
         - AUC: 0.928528
** encrypted
update time = 45.96 seconds
         - wData = [-0.565339,0.014625,-0.0182877,0.0330809,0.00628379,0.0359816,0.0491757,0.0508463,0.0216947,0.0495642,0.0495642]
         - Accuracy: 0.622642
         - AUC: 0.928528

Bootstrapping START!!!
bootstrapping time = 383.257 seconds
Bootstrapping END!!!
         - wData = [-0.56533,0.0146253,-0.0182873,0.0330811,0.00628328,0.0359808,0.0491753,0.0508459,0.0216941,0.0495639,0.0495639]
         - Accuracy: 0.622642
         - AUC: 0.928528

73-th iteration started !!!
** un-encrypted
         - wData = [-0.56968,0.0145522,-0.0174886,0.0316951,0.00543893,0.0371372,0.0447074,0.0507033,0.0200355,0.0518481,0.0518481]
         - Accuracy: 0.622642
         - AUC: 0.928456
** encrypted
update time = 59.01 seconds
         - wData = [-0.577949,0.0151266,-0.018649,0.0341352,0.00642759,0.0370006,0.0505349,0.0523065,0.0223031,0.0509273,0.0509273]
         - Accuracy: 0.622642
         - AUC: 0.928438

74-th iteration started !!!
** un-encrypted
         - wData = [-0.58203,0.015009,-0.0179187,0.0327032,0.00558974,0.0382192,0.0459766,0.0521047,0.0205972,0.053314,0.053314]
         - Accuracy: 0.622642
         - AUC: 0.928349
** encrypted
update time = 53.713 seconds
         - wData = [-0.590515,0.0156457,-0.0190051,0.035213,0.00656968,0.0380437,0.0519261,0.0537706,0.0229223,0.0523326,0.0523326]
         - Accuracy: 0.622642
         - AUC: 0.928295

75-th iteration started !!!
** un-encrypted
         - wData = [-0.594473,0.0154732,-0.0183617,0.0337278,0.00574309,0.0393081,0.0472565,0.0535206,0.0211611,0.0547997,0.0547997]
         - Accuracy: 0.622642
         - AUC: 0.928313
** encrypted
update time = 46.881 seconds
         - wData = [-0.603179,0.0161721,-0.0193837,0.0363009,0.00670485,0.0390829,0.0533313,0.0552333,0.023547,0.0537493,0.0537493]
         - Accuracy: 0.622642
         - AUC: 0.928151

Bootstrapping START!!!
bootstrapping time = 377.143 seconds
Bootstrapping END!!!
         - wData = [-0.60317,0.0161733,-0.0193835,0.0363018,0.00670554,0.0390819,0.05333,0.055233,0.0235468,0.0537492,0.0537492]
         - Accuracy: 0.622642
         - AUC: 0.928151

76-th iteration started !!!
** un-encrypted
         - wData = [-0.606876,0.015948,-0.0188011,0.0347767,0.00589838,0.0404245,0.0485639,0.0549616,0.0217387,0.0563108,0.0563108]
         - Accuracy: 0.622642
         - AUC: 0.928151
** encrypted
update time = 61.071 seconds
         - wData = [-0.615774,0.016686,-0.0197372,0.0374037,0.00681788,0.0401669,0.0547475,0.0567373,0.0241872,0.0552063,0.0552063]
         - Accuracy: 0.622642
         - AUC: 0.928089

77-th iteration started !!!
** un-encrypted
         - wData = [-0.619237,0.0164335,-0.019237,0.0358499,0.00605562,0.0415683,0.0498989,0.0564275,0.02233,0.057847,0.057847]
         - Accuracy: 0.622642
         - AUC: 0.928062
** encrypted
update time = 56.968 seconds
         - wData = [-0.628297,0.0172173,-0.0200684,0.0385258,0.00692633,0.0412781,0.0562118,0.0582561,0.0248318,0.0566789,0.0566789]
         - Accuracy: 0.622642
         - AUC: 0.927972

78-th iteration started !!!
** un-encrypted
         - wData = [-0.631682,0.0169266,-0.0196857,0.0369402,0.00621544,0.0427193,0.0512446,0.0579081,0.0229233,0.0594033,0.0594033]
         - Accuracy: 0.622642
         - AUC: 0.927954
** encrypted
update time = 47.343 seconds
         - wData = [-0.640925,0.0177415,-0.0204121,0.0396683,0.0070454,0.042389,0.0576884,0.059797,0.0254649,0.0581735,0.0581735]
         - Accuracy: 0.622642
         - AUC: 0.927909

Bootstrapping START!!!
bootstrapping time = 379.151 seconds
Bootstrapping END!!!
         - wData = [-0.640916,0.0177413,-0.0204119,0.0396688,0.00704541,0.0423877,0.0576868,0.059797,0.025465,0.0581734,0.0581734]
         - Accuracy: 0.622642
         - AUC: 0.927909

79-th iteration started !!!
** un-encrypted
         - wData = [-0.644076,0.0174306,-0.0201307,0.0380554,0.00637722,0.0438979,0.052618,0.0594138,0.0235305,0.0609851,0.0609851]
         - Accuracy: 0.622642
         - AUC: 0.927891
** encrypted
update time = 59.385 seconds
         - wData = [-0.653455,0.0182919,-0.0207698,0.0408563,0.00718448,0.0435405,0.0591919,0.0613852,0.0261156,0.0597018,0.0597018]
         - Accuracy: 0.622642
         - AUC: 0.927784

80-th iteration started !!!
** un-encrypted
         - wData = [-0.656414,0.0179455,-0.0205723,0.0391955,0.00654097,0.0451041,0.054019,0.0609445,0.0241512,0.0625925,0.0625925]
         - Accuracy: 0.622642
         - AUC: 0.927739
** encrypted
update time = 54.161 seconds
         - wData = [-0.665915,0.0188394,-0.0211194,0.0420626,0.00733453,0.0447186,0.0607329,0.063028,0.0267732,0.0612703,0.0612703]
         - Accuracy: 0.622642
         - AUC: 0.927775

81-th iteration started !!!
** un-encrypted
         - wData = [-0.668827,0.0184682,-0.0210266,0.0403532,0.00670733,0.0463176,0.055431,0.06249,0.0247741,0.0642201,0.0642201]
         - Accuracy: 0.622642
         - AUC: 0.92773
** encrypted
update time = 47.836 seconds
         - wData = [-0.678468,0.0194181,-0.021474,0.0432606,0.0074868,0.0459252,0.0622691,0.0646754,0.0274543,0.0628818,0.0628818]
         - Accuracy: 0.622642
         - AUC: 0.927649

Bootstrapping START!!!
bootstrapping time = 377.025 seconds
Bootstrapping END!!!
         - wData = [-0.678456,0.0194178,-0.0214727,0.0432622,0.00748705,0.045923,0.0622683,0.0646749,0.027453,0.0628814,0.0628814]
         - Accuracy: 0.622642
         - AUC: 0.927649

82-th iteration started !!!
** un-encrypted
         - wData = [-0.681308,0.0189989,-0.0214931,0.0415288,0.00687626,0.047539,0.0568542,0.0640504,0.0253993,0.0658681,0.0658681]
         - Accuracy: 0.622642
         - AUC: 0.927721
** encrypted
update time = 60.071 seconds
         - wData = [-0.691073,0.0200061,-0.021842,0.0444873,0.00763404,0.0471281,0.0638147,0.0663302,0.0281506,0.0644936,0.0644936]
         - Accuracy: 0.622642
         - AUC: 0.927578

83-th iteration started !!!
** un-encrypted
         - wData = [-0.693717,0.0195409,-0.0219556,0.0427302,0.00704718,0.0487888,0.0583059,0.0656362,0.0260386,0.0675421,0.0675421]
         - Accuracy: 0.622642
         - AUC: 0.927676
** encrypted
update time = 53.306 seconds
         - wData = [-0.703591,0.0206131,-0.0221997,0.045723,0.00777594,0.0483554,0.0654138,0.0680163,0.0288604,0.0661375,0.0661375]
         - Accuracy: 0.622642
         - AUC: 0.927416

84-th iteration started !!!
** un-encrypted
         - wData = [-0.706186,0.020091,-0.0224302,0.04395,0.0072207,0.0500468,0.0597691,0.0672372,0.0266804,0.0692368,0.0692368]
         - Accuracy: 0.622642
         - AUC: 0.927578
** encrypted
update time = 46.205 seconds
         - wData = [-0.716197,0.0212396,-0.0225659,0.0469887,0.0079239,0.0495786,0.0670174,0.06973,0.0295845,0.0677749,0.0677749]
         - Accuracy: 0.622642
         - AUC: 0.927246

Bootstrapping START!!!
bootstrapping time = 375.133 seconds
Bootstrapping END!!!
         - wData = [-0.716184,0.0212392,-0.022565,0.0469899,0.00792424,0.0495773,0.0670157,0.0697285,0.0295829,0.0677744,0.0677744]
         - Accuracy: 0.622642
         - AUC: 0.927246

85-th iteration started !!!
** un-encrypted
         - wData = [-0.718709,0.0206494,-0.0229164,0.0451885,0.0073968,0.0513134,0.0612445,0.0688536,0.0273249,0.0709523,0.0709523]
         - Accuracy: 0.622642
         - AUC: 0.927506
** encrypted
update time = 58.472 seconds
         - wData = [-0.728862,0.0218799,-0.0229333,0.0482932,0.00807355,0.0507966,0.068635,0.0714348,0.0302945,0.0694165,0.0694165]
         - Accuracy: 0.622642
         - AUC: 0.927129

86-th iteration started !!!
** un-encrypted
         - wData = [-0.731143,0.0212195,-0.023398,0.0464537,0.00757489,0.0526094,0.0627488,0.0704959,0.0279839,0.0726943,0.0726943]
         - Accuracy: 0.622642
         - AUC: 0.927425
** encrypted
update time = 53.344 seconds
         - wData = [-0.741414,0.022547,-0.0233111,0.0496033,0.00823048,0.0520249,0.070295,0.0731795,0.0310257,0.071092,0.071092]
         - Accuracy: 0.622642
         - AUC: 0.927004

87-th iteration started !!!
** un-encrypted
         - wData = [-0.743624,0.021798,-0.0238911,0.047738,0.00775558,0.0539143,0.0642655,0.0721536,0.0286456,0.0744572,0.0744572]
         - Accuracy: 0.622642
         - AUC: 0.927353
** encrypted
update time = 45.803 seconds
         - wData = [-0.754025,0.023222,-0.0236904,0.0509349,0.00841592,0.0532583,0.071979,0.0749341,0.0317568,0.0727825,0.0727825]
         - Accuracy: 0.622642
         - AUC: 0.926896

Bootstrapping START!!!
bootstrapping time = 381.199 seconds
Bootstrapping END!!!
         - wData = [-0.754011,0.0232209,-0.0236897,0.0509365,0.00841675,0.0532569,0.0719775,0.0749338,0.0317554,0.0727804,0.0727804]
         - Accuracy: 0.622642
         - AUC: 0.926896

88-th iteration started !!!
** un-encrypted
         - wData = [-0.756007,0.0223883,-0.0243795,0.0490494,0.00793827,0.0552488,0.0658113,0.0738374,0.029322,0.0762468,0.0762468]
         - Accuracy: 0.622642
         - AUC: 0.927309
** encrypted
update time = 59.114 seconds
         - wData = [-0.766518,0.0239236,-0.0240648,0.0522933,0.00857878,0.0545117,0.0737095,0.0767069,0.0324952,0.0744983,0.0744983]
         - Accuracy: 0.622642
         - AUC: 0.926798

89-th iteration started !!!
** un-encrypted
         - wData = [-0.768291,0.0229906,-0.0248633,0.0503882,0.00812296,0.0566128,0.0673862,0.0755472,0.0300128,0.0780631,0.0780631]
         - Accuracy: 0.622642
         - AUC: 0.927237
** encrypted
update time = 54.243 seconds
         - wData = [-0.778919,0.0246258,-0.0244409,0.0536843,0.00875344,0.055813,0.0755034,0.0785264,0.0332434,0.0762674,0.0762674]
         - Accuracy: 0.622642
         - AUC: 0.926708

90-th iteration started !!!
** un-encrypted
         - wData = [-0.780473,0.0236047,-0.0253427,0.0517544,0.00830968,0.0580061,0.0689899,0.0772827,0.0307179,0.0799061,0.0799061]
         - Accuracy: 0.622642
         - AUC: 0.927102
** encrypted
update time = 45.803 seconds
         - wData = [-0.791179,0.0253315,-0.0248202,0.0551068,0.00892238,0.057135,0.0773278,0.0803522,0.0339902,0.0780641,0.0780641]
         - Accuracy: 0.622642
         - AUC: 0.926636

Bootstrapping START!!!
bootstrapping time = 454.952 seconds
Bootstrapping END!!!
         - wData = [-0.791164,0.0253296,-0.0248188,0.0551081,0.0089226,0.0571329,0.077326,0.0803511,0.0339897,0.0780628,0.0780628]
         - Accuracy: 0.622642
         - AUC: 0.926636

91-th iteration started !!!
** un-encrypted
         - wData = [-0.792692,0.0242275,-0.0258338,0.05314,0.00849903,0.0594081,0.0706059,0.0790337,0.0314256,0.0817702,0.0817702]
         - Accuracy: 0.622642
         - AUC: 0.927049
** encrypted
update time = 60.18 seconds
         - wData = [-0.803472,0.0260633,-0.0252098,0.0565484,0.00909962,0.0584605,0.0791559,0.0821906,0.0347394,0.0798814,0.0798814]
         - Accuracy: 0.622642
         - AUC: 0.926547

92-th iteration started !!!
** un-encrypted
         - wData = [-0.804941,0.0248591,-0.0263362,0.0545455,0.00869103,0.0608194,0.0722345,0.0808003,0.0321362,0.0836557,0.0836557]
         - Accuracy: 0.622642
         - AUC: 0.926977
** encrypted
update time = 52.978 seconds
         - wData = [-0.815818,0.0268223,-0.0256104,0.058004,0.00929253,0.0598026,0.0809889,0.0840442,0.0354872,0.0817193,0.0817193]
         - Accuracy: 0.622642
         - AUC: 0.926448

93-th iteration started !!!
** un-encrypted
         - wData = [-0.817216,0.0254995,-0.0268496,0.055971,0.00888566,0.0622404,0.0738763,0.0825828,0.0328497,0.0855627,0.0855627]
         - Accuracy: 0.622642
         - AUC: 0.926914
** encrypted
update time = 45.794 seconds
         - wData = [-0.828245,0.0275677,-0.026012,0.0594935,0.0094889,0.0611427,0.0828287,0.0859041,0.0362293,0.0835969,0.0835969]
         - Accuracy: 0.622642
         - AUC: 0.926358

Bootstrapping START!!!
bootstrapping time = 368.619 seconds
Bootstrapping END!!!
         - wData = [-0.82823,0.0275704,-0.0260107,0.0594965,0.00949089,0.0611388,0.0828241,0.0858998,0.0362299,0.0835917,0.0835917]
         - Accuracy: 0.622642
         - AUC: 0.926358

94-th iteration started !!!
** un-encrypted
         - wData = [-0.829509,0.026149,-0.0273736,0.057417,0.00908292,0.0636716,0.0755315,0.0843814,0.0335665,0.0874914,0.0874914]
         - Accuracy: 0.622642
         - AUC: 0.926833
** encrypted
update time = 58.969 seconds
         - wData = [-0.840671,0.0283167,-0.026421,0.0609831,0.0096763,0.0624869,0.0846813,0.0877956,0.0369873,0.0854871,0.0854871]
         - Accuracy: 0.622642
         - AUC: 0.926206

95-th iteration started !!!
** un-encrypted
         - wData = [-0.841816,0.0268076,-0.027908,0.0588836,0.00928281,0.0651133,0.0772006,0.0861963,0.0342868,0.0894419,0.0894419]
         - Accuracy: 0.622642
         - AUC: 0.926771
** encrypted
update time = 52.549 seconds
         - wData = [-0.85315,0.029069,-0.0268453,0.0624924,0.00986568,0.0638492,0.0865269,0.0897041,0.0377365,0.0873952,0.0873952]
         - Accuracy: 0.622642
         - AUC: 0.926134

96-th iteration started !!!
** un-encrypted
         - wData = [-0.854132,0.0274754,-0.0284524,0.0603712,0.00948532,0.066566,0.0788838,0.0880278,0.0350107,0.0914145,0.0914145]
         - Accuracy: 0.622642
         - AUC: 0.926708
** encrypted
update time = 47.134 seconds
         - wData = [-0.865662,0.0298532,-0.0272941,0.0640271,0.0100586,0.0652059,0.088386,0.0916201,0.0384918,0.0893301,0.0893301]
         - Accuracy: 0.622642
         - AUC: 0.926071

Bootstrapping START!!!
bootstrapping time = 369.641 seconds
Bootstrapping END!!!
         - wData = [-0.865643,0.029852,-0.0272932,0.0640293,0.0100592,0.0652028,0.0883835,0.0916195,0.038491,0.089328,0.089328]
         - Accuracy: 0.622642
         - AUC: 0.926071

97-th iteration started !!!
** un-encrypted
         - wData = [-0.866449,0.0281527,-0.0290066,0.0618801,0.00969046,0.0680302,0.0805815,0.0898759,0.0357384,0.0934093,0.0934093]
         - Accuracy: 0.622642
         - AUC: 0.926663
** encrypted
update time = 58.256 seconds
         - wData = [-0.878178,0.0306621,-0.0277442,0.065587,0.0102421,0.0665722,0.0902778,0.093555,0.0392573,0.0912809,0.0912809]
         - Accuracy: 0.622642
         - AUC: 0.925946

98-th iteration started !!!
** un-encrypted
         - wData = [-0.878618,0.0288429,-0.0295544,0.0634189,0.00989759,0.0695265,0.0823102,0.0917513,0.036482,0.0954321,0.0954321]
         - Accuracy: 0.622642
         - AUC: 0.926654
** encrypted
update time = 54.112 seconds
         - wData = [-0.890527,0.0314741,-0.0281837,0.0671802,0.0104314,0.0679771,0.0921928,0.0955195,0.0400405,0.0932782,0.0932782]
         - Accuracy: 0.622642
         - AUC: 0.925767

99-th iteration started !!!
** un-encrypted
         - wData = [-0.890784,0.0295426,-0.0301119,0.0649792,0.0101074,0.0710343,0.0840536,0.0936434,0.0372294,0.0974771,0.0974771]
         - Accuracy: 0.622642
         - AUC: 0.926582
** encrypted
update time = 14100.5 seconds
         - wData = [-0.902899,0.0323363,-0.0286347,0.0688039,0.0106325,0.0693884,0.0941068,0.0974967,0.0408219,0.0952695,0.0952695]
         - Accuracy: 0.622642
         - AUC: 0.925632

Bootstrapping START!!!
bootstrapping time = 543.754 seconds
Bootstrapping END!!!
         - wData = [-0.902878,0.0323354,-0.0286335,0.0688061,0.0106331,0.069384,0.0941041,0.0974953,0.0408205,0.0952667,0.0952667]
         - Accuracy: 0.622642
         - AUC: 0.925632

100-th iteration started !!!
** un-encrypted
         - wData = [-0.902792,0.0302554,-0.030663,0.0665699,0.0103192,0.0725745,0.0858282,0.0955628,0.0379926,0.0995503,0.0995503]
         - Accuracy: 0.622642
         - AUC: 0.926475
** encrypted
update time = 59.265 seconds
         - wData = [-0.915086,0.0332029,-0.0290673,0.0704597,0.0108439,0.0708362,0.0960424,0.099494,0.0416086,0.0973051,0.0973051]
         - Accuracy: 0.622642
         - AUC: 0.925569

 - Training time = 32419.2 seconds