HELR Test with thread 8
Training Data = ../data/spam_train.csv
Testing Data = ../data/spam_test.csv
***********************************
Secure Machine Learning Parameters
***********************************
- factorNum = 64, sampleNum = 4096, approximate degree = 3
- Iteration Number = 100, mini-batch Block Size = 4096, Learning Rate = 0.01
- logN = 16, logQ = 495, logQBoot = 1155, batch = 8, cnum = 8
- logq = 45, logI = 4, logT = 3

 - KeyGen time = 80.802 seconds
 - Encrypt time = 1.358 seconds

1-th iteration started !!!
** un-encrypted
	 - wData = [-0.000983887,1.62644e-05,-2.88917e-05,3.46392e-05,7.43001e-06,4.47827e-05,5.65798e-05,6.76071e-05,2.54062e-05,6.79158e-05,6.79158e-05]
	 - Accuracy: 0.622642
	 - AUC: 0.932329
** encrypted
update time = 33.406 seconds
	 - wData = [-0.000971718,1.26415e-05,-6.70075e-05,2.03492e-05,-6.0168e-06,2.45327e-05,4.03957e-05,5.98942e-05,6.32712e-06,7.7186e-05,7.7186e-05]
	 - Accuracy: 0.622642
	 - AUC: 0.919195

2-th iteration started !!!
** un-encrypted
	 - wData = [-0.000993815,1.64288e-05,-2.91833e-05,3.49895e-05,7.50506e-06,4.52352e-05,5.71514e-05,6.829e-05,2.56629e-05,6.86019e-05,6.86019e-05]
	 - Accuracy: 0.622642
	 - AUC: 0.932329
** encrypted
update time = 29.685 seconds
	 - wData = [-0.00102615,1.54783e-05,-4.04231e-05,4.92486e-06,3.48245e-05,6.92274e-05,5.93416e-05,6.21672e-05,2.33705e-05,7.69253e-05,7.69253e-05]
	 - Accuracy: 0.622642
	 - AUC: 0.928922

3-th iteration started !!!
** un-encrypted
	 - wData = [-0.00197691,3.27113e-05,-5.80628e-05,6.96715e-05,1.49363e-05,9.00428e-05,0.000113752,0.000135909,5.10766e-05,0.000136538,0.000136538]
	 - Accuracy: 0.622642
	 - AUC: 0.932329
** encrypted
update time = 26.122 seconds
	 - wData = [-0.00201661,5.01553e-05,-8.55874e-05,9.38479e-06,9.22862e-05,0.000130108,0.000151985,0.000136413,6.80683e-05,0.00017528,0.00017528]
	 - Accuracy: 0.622642
	 - AUC: 0.931244

Bootstrapping START!!!
bootstrapping time = 175.383 seconds
Bootstrapping END!!!
	 - wData = [-0.00201425,5.37852e-05,-8.5193e-05,9.11395e-06,9.24498e-05,0.000129947,0.000152299,0.000136281,6.58597e-05,0.000159379,0.000159379]
	 - Accuracy: 0.622642
	 - AUC: 0.932168

4-th iteration started !!!
** un-encrypted
	 - wData = [-0.00323601,5.36048e-05,-9.50644e-05,0.000114181,2.44631e-05,0.000147508,0.000186327,0.000222597,8.36611e-05,0.000223644,0.000223644]
	 - Accuracy: 0.622642
	 - AUC: 0.932329
** encrypted
update time = 31.831 seconds
	 - wData = [-0.00329361,8.5411e-05,-0.000130231,4.77212e-05,0.000113372,0.000205534,0.000213907,0.000195662,6.48371e-05,0.000289257,0.000289257]
	 - Accuracy: 0.622642
	 - AUC: 0.930841

5-th iteration started !!!
** un-encrypted
	 - wData = [-0.0047634,7.9007e-05,-0.00013997,0.000168302,3.60329e-05,0.000217328,0.000274487,0.000327877,0.00012324,0.000329447,0.000329447]
	 - Accuracy: 0.622642
	 - AUC: 0.93232
** encrypted
update time = 29.923 seconds
	 - wData = [-0.00484121,0.00011833,-0.00015909,6.04347e-05,0.000133322,0.000306783,0.000312828,0.000269941,7.42058e-05,0.000443821,0.000443821]
	 - Accuracy: 0.622642
	 - AUC: 0.92842

6-th iteration started !!!
** un-encrypted
	 - wData = [-0.006554,0.000108863,-0.000192642,0.000231924,4.96142e-05,0.000299331,0.000378002,0.000451463,0.000169707,0.000453666,0.000453666]
	 - Accuracy: 0.622642
	 - AUC: 0.932329
** encrypted
update time = 25.427 seconds
	 - wData = [-0.00667416,0.000131173,-0.000223948,7.76908e-05,0.000154294,0.000435593,0.000419416,0.000362831,9.68817e-05,0.000580309,0.000580309]
	 - Accuracy: 0.622642
	 - AUC: 0.92799

Bootstrapping START!!!
bootstrapping time = 173.86 seconds
Bootstrapping END!!!
	 - wData = [-0.00667182,0.00013149,-0.00022325,7.7642e-05,0.000154221,0.000435814,0.000419362,0.000363052,9.98966e-05,0.000580615,0.000580615]
	 - Accuracy: 0.622642
	 - AUC: 0.928115

7-th iteration started !!!
** un-encrypted
	 - wData = [-0.00860397,0.000143144,-0.000252978,0.000304987,6.51859e-05,0.000393406,0.000496723,0.000593163,0.000222995,0.00059612,0.00059612]
	 - Accuracy: 0.622642
	 - AUC: 0.93232
** encrypted
update time = 32.279 seconds
	 - wData = [-0.00877418,0.000174884,-0.000304207,0.000104729,0.000129448,0.000580403,0.000548915,0.000481152,0.000163392,0.000700256,0.000700256]
	 - Accuracy: 0.622642
	 - AUC: 0.928304

8-th iteration started !!!
** un-encrypted
	 - wData = [-0.0109102,0.000181835,-0.000320902,0.000387467,8.27331e-05,0.000499485,0.00063055,0.000752842,0.000283057,0.000756683,0.000756683]
	 - Accuracy: 0.622642
	 - AUC: 0.932311
** encrypted
update time = 29.688 seconds
	 - wData = [-0.0111509,0.000226063,-0.0003822,0.000163592,0.000114767,0.000726888,0.000706535,0.000617517,0.000214856,0.000860361,0.000860361]
	 - Accuracy: 0.622642
	 - AUC: 0.928223

9-th iteration started !!!
** un-encrypted
	 - wData = [-0.01347,0.000224932,-0.000396347,0.000479361,0.000102245,0.000617525,0.000779414,0.000930402,0.000349859,0.000935268,0.000935268]
	 - Accuracy: 0.622642
	 - AUC: 0.932284
** encrypted
update time = 26.123 seconds
	 - wData = [-0.0137642,0.000272833,-0.000453329,0.000227133,0.000114009,0.000897354,0.000879158,0.000805978,0.000259887,0.00105226,0.00105226]
	 - Accuracy: 0.622642
	 - AUC: 0.9286

Bootstrapping START!!!
bootstrapping time = 177.316 seconds
Bootstrapping END!!!
	 - wData = [-0.0137612,0.000273021,-0.000452539,0.000226868,0.000114533,0.000897961,0.000879051,0.00080551,0.000262677,0.00105201,0.00105201]
	 - Accuracy: 0.622642
	 - AUC: 0.928644

10-th iteration started !!!
** un-encrypted
	 - wData = [-0.0162809,0.00027244,-0.000479258,0.000580685,0.000123713,0.000747503,0.00094327,0.00112577,0.000423378,0.00113181,0.00113181]
	 - Accuracy: 0.622642
	 - AUC: 0.932257
** encrypted
update time = 32.092 seconds
	 - wData = [-0.0166163,0.000317628,-0.000530025,0.000349056,0.000104609,0.00107345,0.0010474,0.000989128,0.000319864,0.00125365,0.00125365]
	 - Accuracy: 0.622642
	 - AUC: 0.92912

11-th iteration started !!!
** un-encrypted
	 - wData = [-0.0193405,0.00032437,-0.000569583,0.000691469,0.000147131,0.000889408,0.00112209,0.00133889,0.000503599,0.00134627,0.00134627]
	 - Accuracy: 0.622642
	 - AUC: 0.932275
** encrypted
update time = 29.603 seconds
	 - wData = [-0.0197255,0.000372447,-0.000596116,0.000470713,9.67427e-05,0.00127052,0.00123931,0.00117362,0.000392831,0.00147109,0.00147109]
	 - Accuracy: 0.622642
	 - AUC: 0.929469

12-th iteration started !!!
** un-encrypted
	 - wData = [-0.0226467,0.000380738,-0.000667276,0.000811754,0.000172495,0.00104324,0.00131585,0.00156972,0.000590512,0.00157863,0.00157863]
	 - Accuracy: 0.622642
	 - AUC: 0.932249
** encrypted
update time = 25.689 seconds
	 - wData = [-0.0230735,0.000449847,-0.000693487,0.000635121,7.11275e-05,0.00148358,0.00146264,0.00136934,0.000479068,0.0017042,0.0017042]
	 - Accuracy: 0.622642
	 - AUC: 0.930052

Bootstrapping START!!!
bootstrapping time = 175.688 seconds
Bootstrapping END!!!
	 - wData = [-0.0230705,0.000449932,-0.000692363,0.000635044,7.07556e-05,0.00148378,0.00146284,0.00136924,0.00048216,0.00170408,0.00170408]
	 - Accuracy: 0.622642
	 - AUC: 0.930088

13-th iteration started !!!
** un-encrypted
	 - wData = [-0.0261972,0.000441563,-0.000772293,0.00094159,0.000199801,0.00120902,0.00152456,0.00181824,0.00068411,0.00182886,0.00182886]
	 - Accuracy: 0.622642
	 - AUC: 0.932213
** encrypted
update time = 32.309 seconds
	 - wData = [-0.0266492,0.0005329,-0.000761058,0.000776114,4.55039e-05,0.00170707,0.001692,0.00158654,0.000573612,0.00194743,0.00194743]
	 - Accuracy: 0.622642
	 - AUC: 0.930572

14-th iteration started !!!
** un-encrypted
	 - wData = [-0.0299898,0.000506871,-0.000884591,0.00108104,0.000229046,0.00138675,0.00174821,0.00208442,0.000784392,0.00209697,0.00209697]
	 - Accuracy: 0.622642
	 - AUC: 0.932213
** encrypted
update time = 29.751 seconds
	 - wData = [-0.0304571,0.000604901,-0.000878349,0.000958666,1.89123e-05,0.00195551,0.00194304,0.00184393,0.000639383,0.0022258,0.0022258]
	 - Accuracy: 0.622642
	 - AUC: 0.930572

15-th iteration started !!!
** un-encrypted
	 - wData = [-0.0340225,0.00057669,-0.00100413,0.00123017,0.00026023,0.00157647,0.00198681,0.00236824,0.000891359,0.00238295,0.00238295]
	 - Accuracy: 0.622642
	 - AUC: 0.932177
** encrypted
update time = 24.932 seconds
	 - wData = [-0.0345033,0.000659479,-0.00100631,0.00114809,2.26259e-05,0.00221203,0.00219725,0.0021394,0.000699335,0.00250137,0.00250137]
	 - Accuracy: 0.622642
	 - AUC: 0.930518

Bootstrapping START!!!
bootstrapping time = 174.178 seconds
Bootstrapping END!!!
	 - wData = [-0.0345006,0.000659125,-0.0010065,0.00114975,2.31182e-05,0.00221243,0.00219811,0.00213886,0.000701823,0.00250068,0.00250068]
	 - Accuracy: 0.622642
	 - AUC: 0.930545

16-th iteration started !!!
** un-encrypted
	 - wData = [-0.0382929,0.00065105,-0.00113087,0.00138905,0.00029335,0.00177821,0.00224038,0.0026697,0.00100501,0.00268681,0.00268681]
	 - Accuracy: 0.622642
	 - AUC: 0.932159
** encrypted
update time = 32.151 seconds
	 - wData = [-0.0388184,0.000728226,-0.00116741,0.00131552,3.71491e-05,0.00248763,0.00249355,0.00244582,0.000753022,0.0027564,0.0027564]
	 - Accuracy: 0.622642
	 - AUC: 0.930384

17-th iteration started !!!
** un-encrypted
	 - wData = [-0.0427988,0.000729985,-0.00126476,0.00155778,0.000328407,0.001992,0.00250895,0.0029888,0.00112536,0.00300859,0.00300859]
	 - Accuracy: 0.622642
	 - AUC: 0.93215
** encrypted
update time = 29.378 seconds
	 - wData = [-0.0433483,0.00077675,-0.00133359,0.00148108,7.18894e-05,0.00277969,0.00278844,0.00276643,0.000793475,0.00304354,0.00304354]
	 - Accuracy: 0.622642
	 - AUC: 0.930321

18-th iteration started !!!
** un-encrypted
	 - wData = [-0.047538,0.000813533,-0.00140577,0.00173643,0.000365401,0.00221789,0.00279253,0.00332555,0.00125242,0.00334829,0.00334829]
	 - Accuracy: 0.622642
	 - AUC: 0.932096
** encrypted
update time = 25.698 seconds
	 - wData = [-0.0481056,0.00079141,-0.0015015,0.00165085,9.41697e-05,0.00310644,0.00306443,0.00310365,0.000830975,0.00333987,0.00333987]
	 - Accuracy: 0.622642
	 - AUC: 0.93042

Bootstrapping START!!!
bootstrapping time = 172.672 seconds
Bootstrapping END!!!
	 - wData = [-0.0481017,0.000792861,-0.001501,0.0016509,9.41829e-05,0.00310669,0.00306418,0.00310417,0.000832989,0.00333892,0.00333892]
	 - Accuracy: 0.622642
	 - AUC: 0.930411

19-th iteration started !!!
** un-encrypted
	 - wData = [-0.0525081,0.000901734,-0.00155386,0.0019251,0.000404332,0.00245592,0.00309117,0.00367993,0.00138618,0.00370594,0.00370594]
	 - Accuracy: 0.622642
	 - AUC: 0.932069
** encrypted
update time = 31.77 seconds
	 - wData = [-0.0530877,0.000821527,-0.00169244,0.00182419,0.000128817,0.00343431,0.00334725,0.00345212,0.000861771,0.0036387,0.0036387]
	 - Accuracy: 0.622642
	 - AUC: 0.930393

20-th iteration started !!!
** un-encrypted
	 - wData = [-0.0577067,0.000994629,-0.00170899,0.0021239,0.0004452,0.00270614,0.0034049,0.00405198,0.00152667,0.00408158,0.00408158]
	 - Accuracy: 0.622642
	 - AUC: 0.932123
** encrypted
update time = 29.685 seconds
	 - wData = [-0.0583118,0.000888201,-0.00189483,0.00200934,0.000167133,0.00377612,0.00365201,0.00377936,0.000914876,0.00396446,0.00396446]
	 - Accuracy: 0.622642
	 - AUC: 0.930348

21-th iteration started !!!
** un-encrypted
	 - wData = [-0.0631313,0.00109226,-0.00187111,0.00233294,0.000488008,0.00296862,0.00373376,0.0044417,0.0016739,0.00447525,0.00447525]
	 - Accuracy: 0.622642
	 - AUC: 0.932132
** encrypted
update time = 26.04 seconds
	 - wData = [-0.0637817,0.00094598,-0.00212518,0.00224454,0.000213242,0.00414796,0.00397018,0.00415694,0.00095159,0.00433916,0.00433916]
	 - Accuracy: 0.622642
	 - AUC: 0.930321

Bootstrapping START!!!
bootstrapping time = 175.013 seconds
Bootstrapping END!!!
	 - wData = [-0.0637784,0.000945702,-0.00212384,0.00224425,0.000212767,0.00414804,0.00396987,0.00415782,0.000955197,0.00433974,0.00433974]
	 - Accuracy: 0.622642
	 - AUC: 0.93033

22-th iteration started !!!
** un-encrypted
	 - wData = [-0.0687795,0.00119469,-0.00204018,0.00255231,0.000532757,0.0032434,0.00407778,0.0048491,0.00182789,0.00488698,0.00488698]
	 - Accuracy: 0.622642
	 - AUC: 0.932105
** encrypted
update time = 31.72 seconds
	 - wData = [-0.0694457,0.00102148,-0.00235574,0.00250303,0.000280549,0.00452934,0.00430454,0.0045414,0.0010185,0.00474303,0.00474303]
	 - Accuracy: 0.622642
	 - AUC: 0.930258

23-th iteration started !!!
** un-encrypted
	 - wData = [-0.0746487,0.00130194,-0.00221616,0.00278215,0.000579449,0.00353056,0.00443703,0.0052742,0.00198864,0.00531682,0.00531682]
	 - Accuracy: 0.622642
	 - AUC: 0.932078
** encrypted
update time = 29.54 seconds
	 - wData = [-0.075344,0.00109573,-0.0025957,0.00277552,0.000349538,0.00490271,0.00463932,0.004957,0.00110441,0.00516461,0.00516461]
	 - Accuracy: 0.622642
	 - AUC: 0.930276

24-th iteration started !!!
** un-encrypted
	 - wData = [-0.0807362,0.00141409,-0.002399,0.00302257,0.000628085,0.00383015,0.00481155,0.00571704,0.00215617,0.00576481,0.00576481]
	 - Accuracy: 0.622642
	 - AUC: 0.932051
** encrypted
update time = 25.918 seconds
	 - wData = [-0.0814891,0.00117354,-0.00283611,0.00304022,0.000437116,0.00530013,0.0049938,0.00540016,0.00120372,0.00561223,0.00561223]
	 - Accuracy: 0.622642
	 - AUC: 0.930088

Bootstrapping START!!!
bootstrapping time = 174.372 seconds
Bootstrapping END!!!
	 - wData = [-0.0814857,0.00117346,-0.00283515,0.00303972,0.000436625,0.0053004,0.00499366,0.00540037,0.00120734,0.00561298,0.00561298]
	 - Accuracy: 0.622642
	 - AUC: 0.93007

25-th iteration started !!!
** un-encrypted
	 - wData = [-0.0870394,0.00153117,-0.00258867,0.0032737,0.000678668,0.00414225,0.00520139,0.00617763,0.00233052,0.00623102,0.00623102]
	 - Accuracy: 0.622642
	 - AUC: 0.932006
** encrypted
update time = 32.19 seconds
	 - wData = [-0.0878473,0.00123969,-0.00310019,0.00330118,0.000524462,0.0057096,0.00536717,0.00585584,0.00132038,0.00607228,0.00607228]
	 - Accuracy: 0.622642
	 - AUC: 0.930079

26-th iteration started !!!
** un-encrypted
	 - wData = [-0.0935554,0.00165326,-0.00278511,0.00353568,0.000731201,0.00446693,0.00560661,0.00665599,0.00251169,0.00671548,0.00671548]
	 - Accuracy: 0.622642
	 - AUC: 0.931908
** encrypted
update time = 29.683 seconds
	 - wData = [-0.0944519,0.00129859,-0.00338766,0.00356407,0.000650535,0.00611383,0.00577031,0.00633425,0.00146095,0.00653586,0.00653586]
	 - Accuracy: 0.622642
	 - AUC: 0.930213

27-th iteration started !!!
** un-encrypted
	 - wData = [-0.100281,0.00178039,-0.00298828,0.00380865,0.000785687,0.00480426,0.00602727,0.00715216,0.0026997,0.00721826,0.00721826]
	 - Accuracy: 0.622642
	 - AUC: 0.931917
** encrypted
update time = 26.063 seconds
	 - wData = [-0.101263,0.00134387,-0.00369198,0.00385873,0.000774753,0.00649617,0.00617613,0.00682814,0.00158483,0.00701913,0.00701913]
	 - Accuracy: 0.622642
	 - AUC: 0.930276

Bootstrapping START!!!
bootstrapping time = 174.003 seconds
Bootstrapping END!!!
	 - wData = [-0.10126,0.00134346,-0.00369109,0.00385888,0.000774843,0.00649622,0.00617621,0.0068277,0.00158816,0.00701919,0.00701919]
	 - Accuracy: 0.622642
	 - AUC: 0.930276

28-th iteration started !!!
** un-encrypted
	 - wData = [-0.107215,0.00191264,-0.00319813,0.00409273,0.000842128,0.00515433,0.00646344,0.00766616,0.00289458,0.00773942,0.00773942]
	 - Accuracy: 0.622642
	 - AUC: 0.931827
** encrypted
update time = 31.266 seconds
	 - wData = [-0.108258,0.001387,-0.00400246,0.00416464,0.000896167,0.0069025,0.00660079,0.007337,0.00172553,0.00751696,0.00751696]
	 - Accuracy: 0.622642
	 - AUC: 0.930231

29-th iteration started !!!
** un-encrypted
	 - wData = [-0.114352,0.00205007,-0.00341462,0.00438809,0.000900529,0.00551721,0.00691516,0.00819804,0.00309635,0.00827902,0.00827902]
	 - Accuracy: 0.622642
	 - AUC: 0.931764
** encrypted
update time = 28.874 seconds
	 - wData = [-0.115498,0.00146561,-0.00432751,0.00450806,0.000989555,0.00733641,0.00702855,0.00789782,0.00188747,0.00803412,0.00803412]
	 - Accuracy: 0.622642
	 - AUC: 0.930178

30-th iteration started !!!
** un-encrypted
	 - wData = [-0.121691,0.00219274,-0.0036377,0.00469487,0.000960891,0.00589299,0.00738252,0.00874781,0.00330504,0.00883713,0.00883713]
	 - Accuracy: 0.622642
	 - AUC: 0.931711
** encrypted
update time = 25.931 seconds
	 - wData = [-0.122942,0.0015951,-0.00465023,0.00487049,0.00105967,0.00780432,0.0074671,0.0085009,0.00202275,0.00857561,0.00857561]
	 - Accuracy: 0.622642
	 - AUC: 0.930142

Bootstrapping START!!!
bootstrapping time = 171.262 seconds
Bootstrapping END!!!
	 - wData = [-0.122939,0.00159407,-0.00464905,0.00487054,0.00105983,0.00780413,0.00746722,0.00850089,0.00202575,0.00857595,0.00857595]
	 - Accuracy: 0.622642
	 - AUC: 0.930151

31-th iteration started !!!
** un-encrypted
	 - wData = [-0.129227,0.00234071,-0.00386731,0.00501322,0.00102322,0.00628176,0.00786559,0.00931553,0.00352067,0.00941381,0.00941381]
	 - Accuracy: 0.622642
	 - AUC: 0.931612
** encrypted
update time = 32.199 seconds
	 - wData = [-0.13061,0.00172845,-0.00498836,0.00523435,0.00113246,0.00829677,0.00797196,0.00913231,0.00217603,0.00914302,0.00914302]
	 - Accuracy: 0.622642
	 - AUC: 0.930097

32-th iteration started !!!
** un-encrypted
	 - wData = [-0.136959,0.00249405,-0.0041034,0.00534331,0.00108752,0.00668361,0.00836442,0.00990122,0.00374326,0.0100091,0.0100091]
	 - Accuracy: 0.622642
	 - AUC: 0.93154
** encrypted
update time = 29.66 seconds
	 - wData = [-0.138477,0.00188126,-0.00534923,0.00560016,0.00118644,0.0088058,0.00848286,0.00979419,0.00231455,0.00970925,0.00970925]
	 - Accuracy: 0.622642
	 - AUC: 0.929998

33-th iteration started !!!
** un-encrypted
	 - wData = [-0.144882,0.00265283,-0.00434593,0.0056853,0.00115379,0.00709862,0.0088791,0.0105049,0.00397284,0.0106232,0.0106232]
	 - Accuracy: 0.622642
	 - AUC: 0.931531
** encrypted
update time = 25.852 seconds
	 - wData = [-0.146513,0.00204008,-0.00568763,0.00599239,0.00127493,0.00933139,0.00900141,0.0104515,0.00243579,0.0102928,0.0102928]
	 - Accuracy: 0.622642
	 - AUC: 0.929926

Bootstrapping START!!!
bootstrapping time = 174.824 seconds
Bootstrapping END!!!
	 - wData = [-0.14651,0.00204002,-0.00568666,0.00599222,0.0012754,0.00933162,0.00900157,0.0104509,0.00243901,0.010293,0.010293]
	 - Accuracy: 0.622642
	 - AUC: 0.929935

34-th iteration started !!!
** un-encrypted
	 - wData = [-0.152993,0.00281712,-0.00459485,0.00603935,0.00122204,0.00752689,0.00940971,0.0111267,0.00420944,0.011256,0.011256]
	 - Accuracy: 0.622642
	 - AUC: 0.931469
** encrypted
update time = 31.96 seconds
	 - wData = [-0.154735,0.00223092,-0.00601926,0.00640569,0.00138815,0.00986642,0.00957146,0.011134,0.00257269,0.0109282,0.0109282]
	 - Accuracy: 0.622642
	 - AUC: 0.929855

35-th iteration started !!!
** un-encrypted
	 - wData = [-0.16129,0.00298699,-0.00485009,0.00640563,0.00129227,0.00796852,0.00995631,0.0117665,0.00445308,0.0119077,0.0119077]
	 - Accuracy: 0.622642
	 - AUC: 0.93146
** encrypted
update time = 29.757 seconds
	 - wData = [-0.163145,0.00244547,-0.00638187,0.00682672,0.00147668,0.0104179,0.0101153,0.0117983,0.00271933,0.011592,0.011592]
	 - Accuracy: 0.622642
	 - AUC: 0.929675

36-th iteration started !!!
** un-encrypted
	 - wData = [-0.169768,0.00316251,-0.00511161,0.00678433,0.00136449,0.00842361,0.010519,0.0124245,0.0047038,0.0125783,0.0125783]
	 - Accuracy: 0.622642
	 - AUC: 0.931379
** encrypted
update time = 25.853 seconds
	 - wData = [-0.17175,0.002664,-0.00678043,0.00723704,0.00157169,0.0109832,0.0106748,0.0124957,0.0029039,0.0122748,0.0122748]
	 - Accuracy: 0.622642
	 - AUC: 0.929675

Bootstrapping START!!!
bootstrapping time = 174.565 seconds
Bootstrapping END!!!
	 - wData = [-0.171746,0.00266334,-0.00677969,0.00723738,0.00157132,0.0109829,0.0106746,0.0124956,0.00290729,0.0122754,0.0122754]
	 - Accuracy: 0.622642
	 - AUC: 0.929693

37-th iteration started !!!
** un-encrypted
	 - wData = [-0.178424,0.00334377,-0.00537935,0.00717561,0.0014387,0.00889225,0.0110978,0.0131007,0.00496163,0.0132679,0.0132679]
	 - Accuracy: 0.622642
	 - AUC: 0.931334
** encrypted
update time = 32.097 seconds
	 - wData = [-0.180522,0.00286954,-0.00713856,0.00768109,0.00166662,0.011529,0.0112702,0.0132235,0.00309361,0.012973,0.012973]
	 - Accuracy: 0.622642
	 - AUC: 0.929532

38-th iteration started !!!
** un-encrypted
	 - wData = [-0.187255,0.00353083,-0.00565326,0.00757965,0.0015149,0.00937455,0.0116929,0.0137951,0.00522658,0.0139767,0.0139767]
	 - Accuracy: 0.622642
	 - AUC: 0.931289
** encrypted
update time = 29.815 seconds
	 - wData = [-0.189472,0.00305763,-0.00750603,0.00815244,0.00174692,0.0120822,0.0119009,0.0139819,0.00329034,0.013715,0.013715]
	 - Accuracy: 0.622642
	 - AUC: 0.929451

39-th iteration started !!!
** un-encrypted
	 - wData = [-0.196257,0.00372377,-0.00593327,0.00799665,0.00159311,0.00987062,0.0123043,0.0145077,0.00549871,0.0147046,0.0147046]
	 - Accuracy: 0.622642
	 - AUC: 0.931173
** encrypted
update time = 25.765 seconds
	 - wData = [-0.198601,0.00327444,-0.00788496,0.00865032,0.00183572,0.0126296,0.0125468,0.014742,0.00348351,0.0144733,0.0144733]
	 - Accuracy: 0.622642
	 - AUC: 0.929254

Bootstrapping START!!!
bootstrapping time = 174.445 seconds
Bootstrapping END!!!
	 - wData = [-0.198596,0.00327464,-0.00788476,0.00865007,0.00183541,0.0126294,0.0125461,0.0147419,0.00348661,0.0144731,0.0144731]
	 - Accuracy: 0.622642
	 - AUC: 0.929254

40-th iteration started !!!
** un-encrypted
	 - wData = [-0.205427,0.00392267,-0.00621934,0.00842678,0.00167332,0.0103806,0.0129322,0.0152387,0.00577803,0.0154518,0.0154518]
	 - Accuracy: 0.622642
	 - AUC: 0.931128
** encrypted
update time = 31.902 seconds
	 - wData = [-0.207888,0.0035104,-0.00829097,0.0091804,0.00193309,0.0131684,0.0132014,0.0155503,0.00366623,0.0152566,0.0152566]
	 - Accuracy: 0.622642
	 - AUC: 0.929155

41-th iteration started !!!
** un-encrypted
	 - wData = [-0.21476,0.00412762,-0.0065114,0.00887024,0.00175554,0.0109045,0.0135765,0.0159881,0.00606458,0.0162184,0.0162184]
	 - Accuracy: 0.622642
	 - AUC: 0.931101
** encrypted
update time = 29.636 seconds
	 - wData = [-0.217356,0.00374476,-0.00870052,0.00975237,0.00202484,0.0137354,0.0138906,0.0163898,0.00386086,0.0160261,0.0160261]
	 - Accuracy: 0.622642
	 - AUC: 0.928985

42-th iteration started !!!
** un-encrypted
	 - wData = [-0.224254,0.00433868,-0.0068094,0.00932722,0.00183977,0.0114425,0.0142374,0.0167559,0.00635839,0.0170044,0.0170044]
	 - Accuracy: 0.622642
	 - AUC: 0.931092
** encrypted
update time = 26.082 seconds
	 - wData = [-0.226987,0.00397837,-0.00911934,0.0103502,0.00209481,0.0143025,0.0145834,0.0172468,0.00404935,0.0168376,0.0168376]
	 - Accuracy: 0.622642
	 - AUC: 0.928869

Bootstrapping START!!!
bootstrapping time = 173.088 seconds
Bootstrapping END!!!
	 - wData = [-0.226983,0.00397826,-0.00911883,0.0103505,0.00209484,0.0143023,0.0145831,0.0172464,0.00405232,0.0168368,0.0168368]
	 - Accuracy: 0.622642
	 - AUC: 0.928869

43-th iteration started !!!
** un-encrypted
	 - wData = [-0.233904,0.00455596,-0.00711327,0.00979791,0.00192602,0.0119947,0.0149151,0.0175421,0.00665949,0.01781,0.01781]
	 - Accuracy: 0.622642
	 - AUC: 0.931083
** encrypted
update time = 32.333 seconds
	 - wData = [-0.23676,0.00422836,-0.00956009,0.0109678,0.0021669,0.014866,0.0152731,0.0181181,0.00425552,0.0176223,0.0176223]
	 - Accuracy: 0.622642
	 - AUC: 0.928689

44-th iteration started !!!
** un-encrypted
	 - wData = [-0.243706,0.00477952,-0.00742296,0.0102825,0.0020143,0.0125612,0.0156095,0.0183469,0.00696792,0.0186351,0.0186351]
	 - Accuracy: 0.622642
	 - AUC: 0.930984
** encrypted
update time = 29.626 seconds
	 - wData = [-0.246693,0.00448354,-0.0100184,0.0115928,0.00223751,0.0154498,0.0159606,0.0190086,0.0044617,0.0184498,0.0184498]
	 - Accuracy: 0.622642
	 - AUC: 0.928582

45-th iteration started !!!
** un-encrypted
	 - wData = [-0.253657,0.00500945,-0.00773841,0.0107812,0.00210462,0.0131422,0.0163207,0.0191702,0.00728371,0.01948,0.01948]
	 - Accuracy: 0.622642
	 - AUC: 0.930877
** encrypted
update time = 25.897 seconds
	 - wData = [-0.256802,0.00476083,-0.0104881,0.0122424,0.00232112,0.0160383,0.016681,0.0199263,0.00462928,0.019282,0.019282]
	 - Accuracy: 0.622642
	 - AUC: 0.928438

Bootstrapping START!!!
bootstrapping time = 174.409 seconds
Bootstrapping END!!!
	 - wData = [-0.256799,0.00476045,-0.0104899,0.0122459,0.00232304,0.0160387,0.0166835,0.0199232,0.00463128,0.0192811,0.0192811]
	 - Accuracy: 0.622642
	 - AUC: 0.928447

46-th iteration started !!!
** un-encrypted
	 - wData = [-0.263752,0.00524585,-0.00805955,0.0112943,0.00219696,0.0137377,0.017049,0.0200122,0.0076069,0.0203448,0.0203448]
	 - Accuracy: 0.622642
	 - AUC: 0.930814
** encrypted
update time = 32.362 seconds
	 - wData = [-0.267054,0.00507463,-0.0109737,0.0128855,0.00237982,0.016658,0.0174273,0.020856,0.00481762,0.0201265,0.0201265]
	 - Accuracy: 0.622642
	 - AUC: 0.928304

47-th iteration started !!!
** un-encrypted
	 - wData = [-0.273989,0.00548879,-0.00838633,0.0118219,0.00229135,0.0143479,0.0177942,0.0208728,0.00793752,0.0212294,0.0212294]
	 - Accuracy: 0.622642
	 - AUC: 0.93076
** encrypted
update time = 29.627 seconds
	 - wData = [-0.27745,0.00538663,-0.0114823,0.0135345,0.00244841,0.0172992,0.0182031,0.0218049,0.0050134,0.0209879,0.0209879]
	 - Accuracy: 0.622642
	 - AUC: 0.928196

48-th iteration started !!!
** un-encrypted
	 - wData = [-0.284362,0.00573836,-0.00871867,0.0123642,0.00238779,0.0149729,0.0185567,0.0217522,0.0082756,0.022134,0.022134]
	 - Accuracy: 0.622642
	 - AUC: 0.930706
** encrypted
update time = 25.857 seconds
	 - wData = [-0.287988,0.00570323,-0.0119876,0.0141815,0.00252145,0.0179759,0.0190374,0.0227893,0.00521933,0.0218393,0.0218393]
	 - Accuracy: 0.622642
	 - AUC: 0.928098

Bootstrapping START!!!
bootstrapping time = 172.224 seconds
Bootstrapping END!!!
	 - wData = [-0.287983,0.0057031,-0.0119868,0.0141812,0.00252157,0.0179765,0.019037,0.0227888,0.00522265,0.0218387,0.0218387]
	 - Accuracy: 0.622642
	 - AUC: 0.928098

49-th iteration started !!!
** un-encrypted
	 - wData = [-0.294867,0.00599465,-0.00905652,0.0129214,0.00248628,0.0156128,0.0193364,0.0226503,0.00862119,0.0230587,0.0230587]
	 - Accuracy: 0.622642
	 - AUC: 0.930644
** encrypted
update time = 31.674 seconds
	 - wData = [-0.298616,0.00600237,-0.0124753,0.0148302,0.00261854,0.0186725,0.0198682,0.0238156,0.00545034,0.022726,0.022726]
	 - Accuracy: 0.622642
	 - AUC: 0.927999

50-th iteration started !!!
** un-encrypted
	 - wData = [-0.305502,0.00625776,-0.00939982,0.0134938,0.00258683,0.0162677,0.0201335,0.0235673,0.00897432,0.0240036,0.0240036]
	 - Accuracy: 0.622642
	 - AUC: 0.93059
** encrypted
update time = 29.443 seconds
	 - wData = [-0.309377,0.00633129,-0.0129785,0.0154719,0.00271484,0.0193808,0.0207076,0.0248729,0.00570121,0.0236447,0.0236447]
	 - Accuracy: 0.622642
	 - AUC: 0.927891

51-th iteration started !!!
** un-encrypted
	 - wData = [-0.316261,0.00652776,-0.00974849,0.0140816,0.00268944,0.0169377,0.020948,0.0245032,0.00933502,0.0249689,0.0249689]
	 - Accuracy: 0.622642
	 - AUC: 0.930491
** encrypted
update time = 25.637 seconds
	 - wData = [-0.320249,0.00666847,-0.0135089,0.0161344,0.00282272,0.020133,0.0215795,0.02594,0.00597008,0.0245841,0.0245841]
	 - Accuracy: 0.622642
	 - AUC: 0.927838

Bootstrapping START!!!
bootstrapping time = 173.617 seconds
Bootstrapping END!!!
	 - wData = [-0.320244,0.00666814,-0.0135079,0.0161342,0.00282282,0.0201327,0.0215794,0.0259396,0.00597297,0.0245839,0.0245839]
	 - Accuracy: 0.622642
	 - AUC: 0.927838

52-th iteration started !!!
** un-encrypted
	 - wData = [-0.32714,0.00680476,-0.0101025,0.0146849,0.00279413,0.0176231,0.0217801,0.0254581,0.00970333,0.0259545,0.0259545]
	 - Accuracy: 0.622642
	 - AUC: 0.930384
** encrypted
update time = 32.649 seconds
	 - wData = [-0.331225,0.00700745,-0.0140473,0.0168084,0.00293321,0.020909,0.0224697,0.027038,0.00625055,0.0255195,0.0255195]
	 - Accuracy: 0.622642
	 - AUC: 0.92773

53-th iteration started !!!
** un-encrypted
	 - wData = [-0.338136,0.00708884,-0.0104617,0.0153041,0.00290089,0.0183238,0.0226299,0.026432,0.0100793,0.0269606,0.0269606]
	 - Accuracy: 0.622642
	 - AUC: 0.930285
** encrypted
update time = 29.361 seconds
	 - wData = [-0.342343,0.00734687,-0.0145712,0.0175164,0.00308371,0.0217027,0.0233913,0.028167,0.00651914,0.0265149,0.0265149]
	 - Accuracy: 0.622642
	 - AUC: 0.927658

54-th iteration started !!!
** un-encrypted
	 - wData = [-0.349244,0.00738009,-0.0108261,0.0159393,0.00300973,0.0190401,0.0234974,0.0274249,0.0104629,0.0279873,0.0279873]
	 - Accuracy: 0.622642
	 - AUC: 0.930258
** encrypted
update time = 25.868 seconds
	 - wData = [-0.353555,0.00767342,-0.0151054,0.0182406,0.00325211,0.0224932,0.0243511,0.0293223,0.00680664,0.0275132,0.0275132]
	 - Accuracy: 0.622642
	 - AUC: 0.927622

Bootstrapping START!!!
bootstrapping time = 174.947 seconds
Bootstrapping END!!!
	 - wData = [-0.353549,0.00767344,-0.0151044,0.0182421,0.00325201,0.0224922,0.024351,0.0293225,0.0068104,0.0275134,0.0275134]
	 - Accuracy: 0.622642
	 - AUC: 0.927622

55-th iteration started !!!
** un-encrypted
	 - wData = [-0.360459,0.00767861,-0.0111957,0.0165907,0.00312067,0.019772,0.0243828,0.028437,0.0108543,0.0290348,0.0290348]
	 - Accuracy: 0.622642
	 - AUC: 0.930169
** encrypted
update time = 32.43 seconds
	 - wData = [-0.364879,0.00803329,-0.0156368,0.0189873,0.00340571,0.023311,0.0253439,0.0304645,0.00711101,0.0285396,0.0285396]
	 - Accuracy: 0.622642
	 - AUC: 0.927551

56-th iteration started !!!
** un-encrypted
	 - wData = [-0.371779,0.00798449,-0.0115703,0.0172585,0.00323369,0.0205197,0.0252861,0.0294682,0.0112535,0.030103,0.030103]
	 - Accuracy: 0.622642
	 - AUC: 0.930204
** encrypted
update time = 29.492 seconds
	 - wData = [-0.376343,0.00839194,-0.0161775,0.0197424,0.00354072,0.0241471,0.0263748,0.0316268,0.00743811,0.0295994,0.0295994]
	 - Accuracy: 0.622642
	 - AUC: 0.927443

57-th iteration started !!!
** un-encrypted
	 - wData = [-0.383197,0.00829783,-0.0119499,0.0179431,0.00334882,0.0212834,0.0262076,0.0305187,0.0116604,0.0311921,0.0311921]
	 - Accuracy: 0.622642
	 - AUC: 0.930088
** encrypted
update time = 26.236 seconds
	 - wData = [-0.387914,0.0087575,-0.016736,0.0205148,0.00367331,0.0250296,0.0274137,0.0328111,0.00775424,0.0306564,0.0306564]
	 - Accuracy: 0.622642
	 - AUC: 0.927371

Bootstrapping START!!!
bootstrapping time = 174.646 seconds
Bootstrapping END!!!
	 - wData = [-0.387906,0.0087576,-0.0167348,0.0205154,0.00367343,0.0250289,0.0274139,0.03281,0.00775699,0.0306548,0.0306548]
	 - Accuracy: 0.622642
	 - AUC: 0.92738

58-th iteration started !!!
** un-encrypted
	 - wData = [-0.394711,0.00861871,-0.0123344,0.0186446,0.00346606,0.022063,0.0271472,0.0315886,0.0120752,0.0323023,0.0323023]
	 - Accuracy: 0.622642
	 - AUC: 0.929953
** encrypted
update time = 32.14 seconds
	 - wData = [-0.399558,0.00912745,-0.0173111,0.0213094,0.00379766,0.0259179,0.0284432,0.0340666,0.008069,0.0317033,0.0317033]
	 - Accuracy: 0.622642
	 - AUC: 0.927362

59-th iteration started !!!
** un-encrypted
	 - wData = [-0.406316,0.00894724,-0.0127237,0.0193632,0.00358541,0.0228589,0.0281051,0.0326777,0.0124978,0.0334335,0.0334335]
	 - Accuracy: 0.622642
	 - AUC: 0.929864
** encrypted
update time = 29.706 seconds
	 - wData = [-0.411316,0.00953669,-0.0179095,0.0221169,0.00393269,0.0268337,0.0295048,0.035328,0.0083602,0.0327753,0.0327753]
	 - Accuracy: 0.622642
	 - AUC: 0.927309

60-th iteration started !!!
** un-encrypted
	 - wData = [-0.418007,0.0092835,-0.0131179,0.0200991,0.00370688,0.023671,0.0290814,0.0337863,0.0129284,0.034586,0.034586]
	 - Accuracy: 0.622642
	 - AUC: 0.929792
** encrypted
update time = 26.163 seconds
	 - wData = [-0.423154,0.0099498,-0.0184896,0.0229525,0.00408202,0.027759,0.0305868,0.0366025,0.00864631,0.0338777,0.0338777]
	 - Accuracy: 0.622642
	 - AUC: 0.927273

Bootstrapping START!!!
bootstrapping time = 174.963 seconds
Bootstrapping END!!!
	 - wData = [-0.423145,0.00994965,-0.018488,0.0229534,0.00408179,0.0277583,0.030586,0.036601,0.00864968,0.0338771,0.0338771]
	 - Accuracy: 0.622642
	 - AUC: 0.927273

61-th iteration started !!!
** un-encrypted
	 - wData = [-0.42978,0.00962759,-0.0135167,0.0208527,0.00383047,0.0244996,0.0300762,0.0349144,0.0133669,0.0357598,0.0357598]
	 - Accuracy: 0.622642
	 - AUC: 0.929801
** encrypted
update time = 32.491 seconds
	 - wData = [-0.435056,0.0103717,-0.019054,0.023819,0.00424702,0.0287008,0.0316917,0.037893,0.00896432,0.034993,0.034993]
	 - Accuracy: 0.622642
	 - AUC: 0.927201

62-th iteration started !!!
** un-encrypted
	 - wData = [-0.441631,0.00997961,-0.0139202,0.021624,0.0039562,0.0253447,0.0310896,0.0360621,0.0138134,0.0369551,0.0369551]
	 - Accuracy: 0.622642
	 - AUC: 0.929774
** encrypted
update time = 29.484 seconds
	 - wData = [-0.447037,0.0107954,-0.0196195,0.0246913,0.00443018,0.029652,0.0328058,0.0391918,0.00929579,0.0361049,0.0361049]
	 - Accuracy: 0.622642
	 - AUC: 0.927156

63-th iteration started !!!
** un-encrypted
	 - wData = [-0.453556,0.0103396,-0.0143283,0.0224134,0.00408406,0.0262065,0.0321217,0.0372293,0.014268,0.0381719,0.0381719]
	 - Accuracy: 0.622642
	 - AUC: 0.929729
** encrypted
update time = 25.934 seconds
	 - wData = [-0.45911,0.0112015,-0.0201753,0.0255618,0.00460716,0.0306092,0.033937,0.0405145,0.00965858,0.0372137,0.0372137]
	 - Accuracy: 0.622642
	 - AUC: 0.927031

Bootstrapping START!!!
bootstrapping time = 173.866 seconds
Bootstrapping END!!!
	 - wData = [-0.459099,0.0112026,-0.0201737,0.0255631,0.00460662,0.0306077,0.033936,0.0405125,0.0096619,0.0372147,0.0372147]
	 - Accuracy: 0.622642
	 - AUC: 0.927031

64-th iteration started !!!
** un-encrypted
	 - wData = [-0.46555,0.0107078,-0.0147409,0.023221,0.00421407,0.0270852,0.0331727,0.0384163,0.0147306,0.0394103,0.0394103]
	 - Accuracy: 0.622642
	 - AUC: 0.929649
** encrypted
update time = 32.28 seconds
	 - wData = [-0.471248,0.0115947,-0.0207526,0.0264497,0.00477242,0.0315472,0.0350529,0.0418472,0.0100204,0.0383376,0.0383376]
	 - Accuracy: 0.622642
	 - AUC: 0.926977

65-th iteration started !!!
** un-encrypted
	 - wData = [-0.477608,0.0110842,-0.015158,0.0240471,0.00434624,0.0279808,0.0342426,0.0396229,0.0152014,0.0406705,0.0406705]
	 - Accuracy: 0.622642
	 - AUC: 0.92955
** encrypted
update time = 29.704 seconds
	 - wData = [-0.48346,0.0119554,-0.0213475,0.0273756,0.0049468,0.0325236,0.0361654,0.043199,0.0104113,0.0394916,0.0394916]
	 - Accuracy: 0.622642
	 - AUC: 0.926824

66-th iteration started !!!
** un-encrypted
	 - wData = [-0.489727,0.0114689,-0.0155794,0.024892,0.00448055,0.0288935,0.0353315,0.0408494,0.0156803,0.0419525,0.0419525]
	 - Accuracy: 0.622642
	 - AUC: 0.929389
** encrypted
update time = 25.989 seconds
	 - wData = [-0.495711,0.012335,-0.0219313,0.0282761,0.00513532,0.033511,0.0373105,0.0445622,0.0108114,0.0406516,0.0406516]
	 - Accuracy: 0.622642
	 - AUC: 0.926735

Bootstrapping START!!!
bootstrapping time = 173.652 seconds
Bootstrapping END!!!
	 - wData = [-0.495698,0.0123348,-0.0219303,0.0282786,0.0051343,0.0335087,0.0373094,0.04456,0.0108144,0.0406506,0.0406506]
	 - Accuracy: 0.622642
	 - AUC: 0.926735

67-th iteration started !!!
** un-encrypted
	 - wData = [-0.501902,0.0118619,-0.0160051,0.0257558,0.00461704,0.0298234,0.0364395,0.0420957,0.0161673,0.0432565,0.0432565]
	 - Accuracy: 0.622642
	 - AUC: 0.929245
** encrypted
update time = 32.352 seconds
	 - wData = [-0.507995,0.0127176,-0.0224866,0.0291646,0.00529659,0.0345085,0.0384911,0.0459298,0.0112318,0.0418205,0.0418205]
	 - Accuracy: 0.622642
	 - AUC: 0.926645

68-th iteration started !!!
** un-encrypted
	 - wData = [-0.514129,0.0122635,-0.0164351,0.0266387,0.00475569,0.0307707,0.0375668,0.0433619,0.0166627,0.0445825,0.0445825]
	 - Accuracy: 0.622642
	 - AUC: 0.929182
** encrypted
update time = 29.53 seconds
	 - wData = [-0.520376,0.0130981,-0.0230552,0.0301122,0.00547543,0.0355091,0.0397183,0.047336,0.0116543,0.0430139,0.0430139]
	 - Accuracy: 0.622642
	 - AUC: 0.926547

69-th iteration started !!!
** un-encrypted
	 - wData = [-0.526403,0.0126737,-0.0168693,0.0275411,0.00489652,0.0317354,0.0387135,0.044648,0.0171662,0.0459307,0.0459307]
	 - Accuracy: 0.622642
	 - AUC: 0.929111
** encrypted
update time = 26.17 seconds
	 - wData = [-0.532805,0.0134831,-0.0236246,0.0310666,0.00566563,0.0365255,0.0409774,0.0487417,0.0120878,0.0442442,0.0442442]
	 - Accuracy: 0.622642
	 - AUC: 0.926502

Bootstrapping START!!!
bootstrapping time = 173.197 seconds
Bootstrapping END!!!
	 - wData = [-0.532791,0.0134826,-0.0236238,0.0310694,0.00566485,0.0365223,0.0409757,0.0487387,0.0120911,0.0442447,0.0442447]
	 - Accuracy: 0.622642
	 - AUC: 0.926502

70-th iteration started !!!
** un-encrypted
	 - wData = [-0.538721,0.0130925,-0.0173075,0.028463,0.00503953,0.0327178,0.0398796,0.0459542,0.0176781,0.0473012,0.0473012]
	 - Accuracy: 0.622642
	 - AUC: 0.92903
** encrypted
update time = 32.669 seconds
	 - wData = [-0.545251,0.01386,-0.0242017,0.0320571,0.00587549,0.0375513,0.04228,0.0501772,0.0125597,0.0454905,0.0454905]
	 - Accuracy: 0.622642
	 - AUC: 0.926466

71-th iteration started !!!
** un-encrypted
	 - wData = [-0.551077,0.0135202,-0.0177498,0.0294049,0.00518474,0.0337179,0.0410653,0.0472805,0.0181983,0.048694,0.048694]
	 - Accuracy: 0.622642
	 - AUC: 0.928931
** encrypted
update time = 29.568 seconds
	 - wData = [-0.557761,0.014254,-0.0247991,0.0330924,0.00608793,0.0386228,0.0435941,0.0516661,0.0130209,0.0467668,0.0467668]
	 - Accuracy: 0.622642
	 - AUC: 0.926358

72-th iteration started !!!
** un-encrypted
	 - wData = [-0.563467,0.0139567,-0.0181961,0.0303667,0.00533213,0.0347359,0.0422706,0.048627,0.018727,0.0501094,0.0501094]
	 - Accuracy: 0.622642
	 - AUC: 0.928922
** encrypted
update time = 26.111 seconds
	 - wData = [-0.57032,0.0146699,-0.0254029,0.0341481,0.00630883,0.0397119,0.0449275,0.0531845,0.0135158,0.0480547,0.0480547]
	 - Accuracy: 0.622642
	 - AUC: 0.926322

Bootstrapping START!!!
bootstrapping time = 173.987 seconds
Bootstrapping END!!!
	 - wData = [-0.570303,0.0146693,-0.0254018,0.0341517,0.00630774,0.0397074,0.0449251,0.0531818,0.0135192,0.0480545,0.0480545]
	 - Accuracy: 0.622642
	 - AUC: 0.92634

73-th iteration started !!!
** un-encrypted
	 - wData = [-0.575887,0.0144022,-0.0186462,0.0313489,0.00548174,0.0357719,0.0434958,0.0499937,0.019264,0.0515473,0.0515473]
	 - Accuracy: 0.622642
	 - AUC: 0.928851
** encrypted
update time = 31.919 seconds
	 - wData = [-0.582852,0.0150659,-0.0260144,0.0352275,0.00655523,0.0408226,0.0462835,0.0547284,0.0139984,0.0493586,0.0493586]
	 - Accuracy: 0.622642
	 - AUC: 0.926269

74-th iteration started !!!
** un-encrypted
	 - wData = [-0.588333,0.0148567,-0.0191003,0.0323516,0.00563354,0.036826,0.0447408,0.0513806,0.0198095,0.0530079,0.0530079]
	 - Accuracy: 0.622642
	 - AUC: 0.928824
** encrypted
update time = 29.754 seconds
	 - wData = [-0.595425,0.0154531,-0.0266286,0.0363786,0.00678813,0.0419633,0.047649,0.0563055,0.0144906,0.0506737,0.0506737]
	 - Accuracy: 0.622642
	 - AUC: 0.926251

75-th iteration started !!!
** un-encrypted
	 - wData = [-0.600801,0.0153204,-0.019558,0.0333751,0.00578757,0.0378984,0.0460058,0.0527879,0.0203635,0.0544913,0.0544913]
	 - Accuracy: 0.622642
	 - AUC: 0.928698
** encrypted
update time = 26.118 seconds
	 - wData = [-0.60801,0.0158469,-0.0272374,0.0375502,0.00705697,0.0431403,0.0490318,0.0578952,0.0150021,0.0520139,0.0520139]
	 - Accuracy: 0.622642
	 - AUC: 0.926179

Bootstrapping START!!!
bootstrapping time = 173.442 seconds
Bootstrapping END!!!
	 - wData = [-0.607991,0.0158466,-0.0272347,0.0375538,0.00705676,0.0431345,0.049029,0.0578916,0.0150054,0.0520145,0.0520145]
	 - Accuracy: 0.622642
	 - AUC: 0.926179

76-th iteration started !!!
** un-encrypted
	 - wData = [-0.613285,0.0157934,-0.0200195,0.0344195,0.00594381,0.0389891,0.0472909,0.0542155,0.0209261,0.0559976,0.0559976]
	 - Accuracy: 0.622642
	 - AUC: 0.928627
** encrypted
update time = 32.377 seconds
	 - wData = [-0.620594,0.016228,-0.0278888,0.0387497,0.00738767,0.0443504,0.0504227,0.0595073,0.0155369,0.0533739,0.0533739]
	 - Accuracy: 0.622642
	 - AUC: 0.926161

77-th iteration started !!!
** un-encrypted
	 - wData = [-0.625783,0.0162757,-0.0204846,0.035485,0.00610228,0.0400984,0.0485962,0.0556636,0.0214972,0.0575269,0.0575269]
	 - Accuracy: 0.622642
	 - AUC: 0.928564
** encrypted
update time = 29.784 seconds
	 - wData = [-0.633168,0.0166164,-0.0285729,0.0399545,0.00770682,0.04559,0.0518398,0.0611132,0.016074,0.0547639,0.0547639]
	 - Accuracy: 0.622642
	 - AUC: 0.926116

78-th iteration started !!!
** un-encrypted
	 - wData = [-0.638289,0.0167674,-0.0209533,0.036572,0.00626299,0.0412263,0.0499218,0.0571323,0.0220769,0.0590793,0.0590793]
	 - Accuracy: 0.622642
	 - AUC: 0.928519
** encrypted
update time = 26.279 seconds
	 - wData = [-0.645743,0.0169884,-0.0292789,0.041204,0.00803162,0.0468592,0.0532796,0.062715,0.0166152,0.0561915,0.0561915]
	 - Accuracy: 0.622642
	 - AUC: 0.926071

Bootstrapping START!!!
bootstrapping time = 173.639 seconds
Bootstrapping END!!!
	 - wData = [-0.645719,0.0169882,-0.0292772,0.0412079,0.00802928,0.0468541,0.0532766,0.0627096,0.0166185,0.056191,0.056191]
	 - Accuracy: 0.622642
	 - AUC: 0.926071

79-th iteration started !!!
** un-encrypted
	 - wData = [-0.650799,0.0172686,-0.0214255,0.0376806,0.00642593,0.042373,0.0512678,0.0586214,0.0226653,0.0606549,0.0606549]
	 - Accuracy: 0.622642
	 - AUC: 0.928402
** encrypted
update time = 31.558 seconds
	 - wData = [-0.658284,0.0173683,-0.0299513,0.0425068,0.00834844,0.0481124,0.0547084,0.0643354,0.0171664,0.0576073,0.0576073]
	 - Accuracy: 0.622642
	 - AUC: 0.926134

80-th iteration started !!!
** un-encrypted
	 - wData = [-0.66331,0.0177795,-0.0219011,0.038811,0.00659112,0.0435386,0.0526343,0.0601313,0.0232624,0.0622537,0.0622537]
	 - Accuracy: 0.622642
	 - AUC: 0.928375
** encrypted
update time = 28.95 seconds
	 - wData = [-0.670838,0.0177519,-0.0306519,0.0438314,0.00867315,0.0493828,0.0561666,0.0659685,0.017746,0.0590623,0.0590623]
	 - Accuracy: 0.622642
	 - AUC: 0.926044

81-th iteration started !!!
** un-encrypted
	 - wData = [-0.675818,0.0183,-0.0223801,0.0399635,0.00675856,0.0447232,0.0540214,0.0616617,0.0238682,0.063876,0.063876]
	 - Accuracy: 0.622642
	 - AUC: 0.928214
** encrypted
update time = 25.565 seconds
	 - wData = [-0.683413,0.0181452,-0.0313625,0.0452221,0.00899507,0.0506538,0.0576367,0.0676133,0.0183485,0.060559,0.060559]
	 - Accuracy: 0.622642
	 - AUC: 0.925973

Bootstrapping START!!!
bootstrapping time = 174.544 seconds
Bootstrapping END!!!
	 - wData = [-0.683386,0.0181435,-0.0313607,0.0452266,0.00899258,0.0506467,0.0576331,0.0676074,0.0183525,0.060559,0.060559]
	 - Accuracy: 0.622642
	 - AUC: 0.925973

82-th iteration started !!!
** un-encrypted
	 - wData = [-0.688317,0.0188304,-0.0228624,0.0411382,0.00692826,0.045927,0.0554292,0.063213,0.0244827,0.0655217,0.0655217]
	 - Accuracy: 0.622642
	 - AUC: 0.928133
** encrypted
update time = 32.104 seconds
	 - wData = [-0.695951,0.0185347,-0.0320673,0.0466366,0.00932227,0.0519689,0.0591556,0.0692785,0.0189595,0.0620656,0.0620656]
	 - Accuracy: 0.622642
	 - AUC: 0.925874

83-th iteration started !!!
** un-encrypted
	 - wData = [-0.700804,0.0193706,-0.023348,0.0423354,0.00710022,0.04715,0.0568578,0.064785,0.0251061,0.0671911,0.0671911]
	 - Accuracy: 0.622642
	 - AUC: 0.928035
** encrypted
update time = 29.565 seconds
	 - wData = [-0.708487,0.0189118,-0.0327631,0.0480601,0.00966375,0.0533395,0.0606936,0.0709658,0.0195591,0.0635783,0.0635783]
	 - Accuracy: 0.622642
	 - AUC: 0.925784

84-th iteration started !!!
** un-encrypted
	 - wData = [-0.713274,0.0199208,-0.0238367,0.0435552,0.00727445,0.0483924,0.0583073,0.0663778,0.0257383,0.0688841,0.0688841]
	 - Accuracy: 0.622642
	 - AUC: 0.928035
** encrypted
update time = 26.182 seconds
	 - wData = [-0.720993,0.0192747,-0.0335107,0.0495142,0.0100017,0.0547258,0.0622663,0.0726796,0.0201759,0.0651106,0.0651106]
	 - Accuracy: 0.622642
	 - AUC: 0.925704

Bootstrapping START!!!
bootstrapping time = 173.168 seconds
Bootstrapping END!!!
	 - wData = [-0.720961,0.0192738,-0.0335088,0.0495201,0.0099981,0.0547165,0.062263,0.0726723,0.0201794,0.0651109,0.0651109]
	 - Accuracy: 0.622642
	 - AUC: 0.925704

85-th iteration started !!!
** un-encrypted
	 - wData = [-0.725725,0.020481,-0.0243285,0.0447979,0.00745096,0.0496543,0.0597778,0.0679916,0.0263793,0.0706009,0.0706009]
	 - Accuracy: 0.622642
	 - AUC: 0.928008
** encrypted
update time = 32.393 seconds
	 - wData = [-0.733413,0.0196658,-0.0342804,0.0510091,0.0103561,0.0561189,0.0638505,0.0744113,0.0208223,0.0666362,0.0666362]
	 - Accuracy: 0.622642
	 - AUC: 0.925695

86-th iteration started !!!
** un-encrypted
	 - wData = [-0.738152,0.0210514,-0.0248234,0.0460637,0.00762974,0.0509358,0.0612694,0.0696263,0.0270293,0.0723415,0.0723415]
	 - Accuracy: 0.622642
	 - AUC: 0.927873
** encrypted
update time = 29.541 seconds
	 - wData = [-0.745838,0.0200414,-0.0350596,0.0525214,0.0107179,0.0575201,0.0654403,0.0761772,0.0214421,0.0681589,0.0681589]
	 - Accuracy: 0.622642
	 - AUC: 0.925632

87-th iteration started !!!
** un-encrypted
	 - wData = [-0.75055,0.0216319,-0.0253213,0.0473528,0.00781082,0.0522371,0.0627822,0.071282,0.0276882,0.0741062,0.0741062]
	 - Accuracy: 0.622642
	 - AUC: 0.927784
** encrypted
update time = 26.072 seconds
	 - wData = [-0.758245,0.0204577,-0.0358601,0.0540918,0.0110835,0.0588996,0.067024,0.0779602,0.0220811,0.0697181,0.0697181]
	 - Accuracy: 0.622642
	 - AUC: 0.925542

Bootstrapping START!!!
bootstrapping time = 173.999 seconds
Bootstrapping END!!!
	 - wData = [-0.758208,0.0204565,-0.0358579,0.0540985,0.01108,0.0588899,0.0670196,0.0779521,0.0220846,0.0697182,0.0697182]
	 - Accuracy: 0.622642
	 - AUC: 0.925542

88-th iteration started !!!
** un-encrypted
	 - wData = [-0.762917,0.0222228,-0.0258222,0.0486654,0.00799419,0.0535582,0.0643162,0.0729588,0.0283561,0.0758948,0.0758948]
	 - Accuracy: 0.622642
	 - AUC: 0.927667
** encrypted
update time = 32.311 seconds
	 - wData = [-0.77055,0.0208816,-0.0366647,0.0557039,0.011455,0.0602985,0.0686429,0.0797598,0.0227672,0.0712976,0.0712976]
	 - Accuracy: 0.622642
	 - AUC: 0.925453

89-th iteration started !!!
** un-encrypted
	 - wData = [-0.775247,0.0228241,-0.0263259,0.0500016,0.00817985,0.0548993,0.0658716,0.0746567,0.029033,0.0777076,0.0777076]
	 - Accuracy: 0.622642
	 - AUC: 0.927569
** encrypted
update time = 29.318 seconds
	 - wData = [-0.78287,0.0213008,-0.0374812,0.0573235,0.0118293,0.06172,0.070271,0.0815963,0.0234464,0.0729301,0.0729301]
	 - Accuracy: 0.622642
	 - AUC: 0.925372

90-th iteration started !!!
** un-encrypted
	 - wData = [-0.787538,0.0234358,-0.0268324,0.0513617,0.00836782,0.0562605,0.0674485,0.0763758,0.0297189,0.0795446,0.0795446]
	 - Accuracy: 0.622642
	 - AUC: 0.927506
** encrypted
update time = 26.008 seconds
	 - wData = [-0.795132,0.0217326,-0.0383,0.0589901,0.0122055,0.0631909,0.0719478,0.0834694,0.0241639,0.074574,0.074574]
	 - Accuracy: 0.622642
	 - AUC: 0.925184

Bootstrapping START!!!
bootstrapping time = 174.779 seconds
Bootstrapping END!!!
	 - wData = [-0.79509,0.0217308,-0.0382974,0.058997,0.0122016,0.063179,0.0719426,0.0834599,0.0241669,0.0745738,0.0745738]
	 - Accuracy: 0.622642
	 - AUC: 0.925184

91-th iteration started !!!
** un-encrypted
	 - wData = [-0.799785,0.024058,-0.0273416,0.0527459,0.0085581,0.0576418,0.0690469,0.0781161,0.0304139,0.081406,0.081406]
	 - Accuracy: 0.622642
	 - AUC: 0.927452
** encrypted
update time = 32.234 seconds
	 - wData = [-0.807296,0.022154,-0.0391272,0.0607177,0.0125503,0.0647109,0.0736438,0.0853732,0.0248909,0.0762182,0.0762182]
	 - Accuracy: 0.622642
	 - AUC: 0.925229

92-th iteration started !!!
** un-encrypted
	 - wData = [-0.811985,0.0246909,-0.0278536,0.0541543,0.00875069,0.0590435,0.0706669,0.0798776,0.031118,0.0832917,0.0832917]
	 - Accuracy: 0.622642
	 - AUC: 0.927371
** encrypted
update time = 29.438 seconds
	 - wData = [-0.81944,0.0225996,-0.0399807,0.0624531,0.0128918,0.0662606,0.0753882,0.087353,0.0256243,0.077893,0.077893]
	 - Accuracy: 0.622642
	 - AUC: 0.925121

93-th iteration started !!!
** un-encrypted
	 - wData = [-0.824135,0.0253345,-0.0283682,0.0555871,0.00894561,0.0604656,0.0723086,0.0816605,0.0318312,0.0852019,0.0852019]
	 - Accuracy: 0.622642
	 - AUC: 0.92721
** encrypted
update time = 25.585 seconds
	 - wData = [-0.831572,0.02307,-0.0408553,0.0642183,0.0132296,0.0678337,0.0771518,0.089373,0.0263656,0.0795697,0.0795697]
	 - Accuracy: 0.622642
	 - AUC: 0.924915

Bootstrapping START!!!
bootstrapping time = 174.446 seconds
Bootstrapping END!!!
	 - wData = [-0.831525,0.0230677,-0.0408521,0.0642251,0.0132251,0.06782,0.0771451,0.0893611,0.0263687,0.0795693,0.0795693]
	 - Accuracy: 0.622642
	 - AUC: 0.924915

94-th iteration started !!!
** un-encrypted
	 - wData = [-0.836229,0.0259888,-0.0288853,0.0570446,0.00914284,0.0619082,0.0739722,0.0834647,0.0325537,0.0871367,0.0871367]
	 - Accuracy: 0.622642
	 - AUC: 0.927102
** encrypted
update time = 31.478 seconds
	 - wData = [-0.843605,0.0235367,-0.0417007,0.0660213,0.0135704,0.0693994,0.0789235,0.0914042,0.027113,0.0813006,0.0813006]
	 - Accuracy: 0.622642
	 - AUC: 0.924924

95-th iteration started !!!
** un-encrypted
	 - wData = [-0.848266,0.026654,-0.029405,0.0585268,0.00934241,0.0633714,0.0756576,0.0852903,0.0332853,0.0890962,0.0890962]
	 - Accuracy: 0.622642
	 - AUC: 0.927067
** encrypted
update time = 29.17 seconds
	 - wData = [-0.855659,0.0240312,-0.0425488,0.067809,0.0139413,0.0709924,0.0807038,0.0934956,0.0279257,0.0830753,0.0830753]
	 - Accuracy: 0.622642
	 - AUC: 0.924816

96-th iteration started !!!
** un-encrypted
	 - wData = [-0.860241,0.0273301,-0.0299272,0.060034,0.00954432,0.0648553,0.077365,0.0871374,0.0340261,0.0910803,0.0910803]
	 - Accuracy: 0.622642
	 - AUC: 0.92695
** encrypted
update time = 25.923 seconds
	 - wData = [-0.867654,0.0245386,-0.043372,0.0696293,0.0143312,0.0726372,0.0825026,0.0956234,0.0287471,0.0848819,0.0848819]
	 - Accuracy: 0.622642
	 - AUC: 0.924718

Bootstrapping START!!!
bootstrapping time = 173.797 seconds
Bootstrapping END!!!
	 - wData = [-0.8676,0.0245363,-0.0433686,0.0696381,0.0143261,0.072621,0.0824953,0.0956099,0.0287502,0.0848814,0.0848814]
	 - Accuracy: 0.622642
	 - AUC: 0.924718

97-th iteration started !!!
** un-encrypted
	 - wData = [-0.872151,0.0280172,-0.0304517,0.0615664,0.00974856,0.06636,0.0790945,0.089006,0.0347762,0.0930893,0.0930893]
	 - Accuracy: 0.622642
	 - AUC: 0.92686
** encrypted
update time = 32.306 seconds
	 - wData = [-0.879507,0.0250456,-0.0442381,0.0714789,0.0147393,0.074304,0.084322,0.0977737,0.029593,0.0867193,0.0867193]
	 - Accuracy: 0.622642
	 - AUC: 0.924664

98-th iteration started !!!
** un-encrypted
	 - wData = [-0.883992,0.0287154,-0.0309786,0.063124,0.00995515,0.0678857,0.0808461,0.0908961,0.0355356,0.0951231,0.0951231]
	 - Accuracy: 0.622642
	 - AUC: 0.926789
** encrypted
update time = 29.264 seconds
	 - wData = [-0.891342,0.025561,-0.0451222,0.0733408,0.0151201,0.0760145,0.0861896,0.0999612,0.0304549,0.0885806,0.0885806]
	 - Accuracy: 0.622642
	 - AUC: 0.924628

99-th iteration started !!!
** un-encrypted
	 - wData = [-0.895761,0.0294246,-0.0315079,0.0647071,0.0101641,0.0694324,0.0826198,0.0928078,0.0363043,0.0971819,0.0971819]
	 - Accuracy: 0.622642
	 - AUC: 0.926735
** encrypted
update time = 25.848 seconds
	 - wData = [-0.903112,0.0260686,-0.0459933,0.0752633,0.0155062,0.0777413,0.088082,0.102168,0.0313066,0.090451,0.090451]
	 - Accuracy: 0.622642
	 - AUC: 0.924502

Bootstrapping START!!!
bootstrapping time = 174.201 seconds
Bootstrapping END!!!
	 - wData = [-0.903051,0.0260661,-0.0459904,0.0752728,0.0154994,0.0777233,0.0880736,0.102152,0.0313099,0.0904506,0.0904506]
	 - Accuracy: 0.622642
	 - AUC: 0.924502

100-th iteration started !!!
** un-encrypted
	 - wData = [-0.907456,0.0301451,-0.0320393,0.0663159,0.0103754,0.0710002,0.0844159,0.0947412,0.0370823,0.0992657,0.0992657]
	 - Accuracy: 0.622642
	 - AUC: 0.92669
** encrypted
update time = 32.382 seconds
	 - wData = [-0.914736,0.0266059,-0.0468716,0.0772284,0.0158675,0.0794893,0.0899644,0.104378,0.0322001,0.0923545,0.0923545]
	 - Accuracy: 0.622642
	 - AUC: 0.924431

 - Training time = 8800.06 seconds
